#
# A fatal error has been detected by the Java Runtime Environment:
#
#  EXCEPTION_ACCESS_VIOLATION (0xc0000005) at pc=0x00007ff923bb262f, pid=14756, tid=12548
#
# JRE version: Java(TM) SE Runtime Environment (17.0+35) (build 17+35-LTS-2724)
# Java VM: Java HotSpot(TM) 64-Bit Server VM (17+35-LTS-2724, mixed mode, sharing, tiered, compressed oops, compressed class ptrs, g1 gc, windows-amd64)
# Problematic frame:
# V  [jvm.dll+0x3d262f]
#
# No core dump will be written. Minidumps are not enabled by default on client versions of Windows
#
# If you would like to submit a bug report, please visit:
#   https://bugreport.java.com/bugreport/crash.jsp
#

---------------  S U M M A R Y ------------

Command Line: -agentlib:jdwp=transport=dt_socket,address=127.0.0.1:55277,suspend=y,server=n -javaagent:C:\Users\user\AppData\Local\JetBrains\Toolbox\apps\IDEA-C\ch-0\223.8617.56\plugins\java\lib\rt\debugger-agent.jar -Dfile.encoding=UTF-8 --module-path=C:\Users\user\.m2\repository\org\openjfx\javafx-controls\19.0.2.1\javafx-controls-19.0.2.1-win.jar;D:\Unik\OKC\lab04\lab_4\target\classes;C:\Users\user\.m2\repository\org\openjfx\javafx-graphics\19.0.2.1\javafx-graphics-19.0.2.1-win.jar;C:\Users\user\.m2\repository\org\openjfx\javafx-fxml\19.0.2.1\javafx-fxml-19.0.2.1-win.jar;C:\Users\user\.m2\repository\com\fazecast\jSerialComm\2.9.3\jSerialComm-2.9.3.jar;C:\Users\user\.m2\repository\org\openjfx\javafx-base\19.0.2.1\javafx-base-19.0.2.1-win.jar -Djdk.module.main=app.lab01 app.lab01/app.lab01.Main

Host: 11th Gen Intel(R) Core(TM) i5-1135G7 @ 2.40GHz, 8 cores, 15G,  Windows 10 , 64 bit Build 22621 (10.0.22621.2506)
Time: Fri Dec 22 01:46:27 2023  Windows 10 , 64 bit Build 22621 (10.0.22621.2506) elapsed time: 64.456150 seconds (0d 0h 1m 4s)

---------------  T H R E A D  ---------------

Current thread (0x00000224777c42e0):  JavaThread "Thread-6" [_thread_in_vm, id=12548, stack(0x000000bbbf200000,0x000000bbbf300000)]

Stack: [0x000000bbbf200000,0x000000bbbf300000],  sp=0x000000bbbf2fef60,  free space=1019k
Native frames: (J=compiled Java code, j=interpreted, Vv=VM code, C=native code)
V  [jvm.dll+0x3d262f]
C  [jSerialComm.dll+0x11a6]

Java frames: (J=compiled Java code, j=interpreted, Vv=VM code)
j  com.fazecast.jSerialComm.SerialPort.readBytes(J[BJJII)I+0 com.fazecast.jSerialComm
j  com.fazecast.jSerialComm.SerialPort.readBytes([BJ)I+25 com.fazecast.jSerialComm
j  app.lab01.controllers.PortController$1.serialEvent(Lcom/fazecast/jSerialComm/SerialPortEvent;)V+94 app.lab01
j  com.fazecast.jSerialComm.SerialPort$SerialPortEventListener.waitForSerialEvent()V+589 com.fazecast.jSerialComm
j  com.fazecast.jSerialComm.SerialPort$SerialPortEventListener$1.run()V+23 com.fazecast.jSerialComm
j  java.lang.Thread.run()V+11 java.base@17
v  ~StubRoutines::call_stub

siginfo: EXCEPTION_ACCESS_VIOLATION (0xc0000005), reading address 0xffffffffffffffff


Register to memory mapping:

RIP=0x00007ff923bb262f jvm.dll
RAX=0xe2184eb8e2143c7d is an unknown value
RBX=0x0 is NULL
RCX=0x0000000710c277b0 is an oop: java.security.ProtectionDomain 
{0x0000000710c277b0} - klass: 'java/security/ProtectionDomain'
 - ---- fields (total size 5 words):
 - private 'hasAllPerm' 'Z' @12  false
 - private final 'staticPermissions' 'Z' @13  false
 - private 'codesource' 'Ljava/security/CodeSource;' @16  a 'java/security/CodeSource'{0x0000000710a1e3e8} (e2143c7d)
 - private 'classloader' 'Ljava/lang/ClassLoader;' @20  a 'jdk/internal/loader/ClassLoaders$AppClassLoader'{0x0000000710c275c0} (e2184eb8)
 - private 'principals' '[Ljava/security/Principal;' @24  a 'java/security/Principal'[0] {0x0000000710a1e5a8} (e2143cb5)
 - private 'permissions' 'Ljava/security/PermissionCollection;' @28  a 'sun/security/util/LazyCodeSourcePermissionCollection'{0x0000000710a1e5b8} (e2143cb7)
 - final 'key' 'Ljava/security/ProtectionDomain$Key;' @32  a 'java/security/ProtectionDomain$Key'{0x0000000710a1e778} (e2143cef)
RDX=0x0000000000000010 is an unknown value
RSP=0x000000bbbf2fef60 is pointing into the stack for thread: 0x00000224777c42e0
RBP=0x000000bbbf2ff190 is pointing into the stack for thread: 0x00000224777c42e0
RSI=0x00000224777c42e0 is a thread
RDI=0x00000224768b0c70 points into unknown readable memory: 0x0000000710c277b0 | b0 77 c2 10 07 00 00 00
R8 =0x00007ff99733fcb0 jSerialComm.dll
R9 =0x00007ff997317e00 jSerialComm.dll
R10=0x00007ff997310000 jSerialComm.dll
R11=0x000000bbbf2fe9c0 is pointing into the stack for thread: 0x00000224777c42e0
R12=0x0 is NULL
R13=0x00007ff99733fcb0 jSerialComm.dll
R14=0xe2184eb8e2143c7d is an unknown value
R15=0x00000224777c42e0 is a thread


Registers:
RAX=0xe2184eb8e2143c7d, RBX=0x0000000000000000, RCX=0x0000000710c277b0, RDX=0x0000000000000010
RSP=0x000000bbbf2fef60, RBP=0x000000bbbf2ff190, RSI=0x00000224777c42e0, RDI=0x00000224768b0c70
R8 =0x00007ff99733fcb0, R9 =0x00007ff997317e00, R10=0x00007ff997310000, R11=0x000000bbbf2fe9c0
R12=0x0000000000000000, R13=0x00007ff99733fcb0, R14=0xe2184eb8e2143c7d, R15=0x00000224777c42e0
RIP=0x00007ff923bb262f, EFLAGS=0x0000000000010246

Top of Stack: (sp=0x000000bbbf2fef60)
0x000000bbbf2fef60:   0000000000000000 00007ff99733fcb0
0x000000bbbf2fef70:   00007ff997339820 0000000000000040
0x000000bbbf2fef80:   000000bbbf2ff008 00007ff997311128
0x000000bbbf2fef90:   0000768787758c0a 0000022475055887
0x000000bbbf2fefa0:   00000224777c42e0 0000000000000000
0x000000bbbf2fefb0:   0000000000000000 000000bbbf2ff008
0x000000bbbf2fefc0:   00000224777c42e0 000000bbbf2ff1a8
0x000000bbbf2fefd0:   000002247c8bb3a8 00000224777c4588
0x000000bbbf2fefe0:   00000224777c4588 00007ff9973111a6
0x000000bbbf2feff0:   000000bbbf2ff190 000000000000040d
0x000000bbbf2ff000:   0000000000000000 000000000000040d
0x000000bbbf2ff010:   0000000000000001 00007ff997313f67
0x000000bbbf2ff020:   0000022476f37680 000000bbbf2ff190
0x000000bbbf2ff030:   00000224777c4588 0000000000000000
0x000000bbbf2ff040:   00000224774bbd70 00007ff900000000
0x000000bbbf2ff050:   0000000000000000 000000000000002c 

Instructions: (pc=0x00007ff923bb262f)
0x00007ff923bb252f:   3e ef ff 48 8b 74 24 58 33 c0 c7 83 38 03 00 00
0x00007ff923bb253f:   04 00 00 00 48 8b 5c 24 50 48 83 c4 40 5f c3 cc
0x00007ff923bb254f:   cc 48 8b c4 53 56 48 83 ec 78 48 89 78 10 48 8d
0x00007ff923bb255f:   b1 58 fd ff ff 4c 89 60 18 33 db 4c 89 68 e8 48
0x00007ff923bb256f:   8b fa 4c 89 70 e0 4d 8b e8 8b 86 60 03 00 00 05
0x00007ff923bb257f:   55 21 ff ff 83 f8 01 76 0a 48 8b ce e8 80 c1 3a
0x00007ff923bb258f:   00 8b f3 c7 86 38 03 00 00 05 00 00 00 e8 af e8
0x00007ff923bb259f:   28 00 48 8b 86 40 03 00 00 a8 01 74 0a b2 01 48
0x00007ff923bb25af:   8b ce e8 6a dd 2f 00 39 9e 2c 03 00 00 75 0a 8b
0x00007ff923bb25bf:   86 28 03 00 00 a8 0c 74 0a 33 d2 48 8b ce e8 1e
0x00007ff923bb25cf:   e9 3a 00 c7 86 38 03 00 00 06 00 00 00 48 89 74
0x00007ff923bb25df:   24 40 48 89 5c 24 48 48 39 5e 08 74 0a 48 8d 4c
0x00007ff923bb25ef:   24 40 e8 4a 7c 2c 00 40 f6 c7 01 74 0c 48 8d 4f
0x00007ff923bb25ff:   ff ff 15 5a e8 6a 00 eb 09 48 8b cf ff 15 0f 6a
0x00007ff923bb260f:   6a 00 8b 15 39 73 71 00 48 8b c8 48 89 ac 24 90
0x00007ff923bb261f:   00 00 00 4c 89 7c 24 60 e8 14 97 28 00 4c 8b f0
0x00007ff923bb262f:   48 8b 88 98 00 00 00 4c 8b 60 18 48 8b 49 08 48
0x00007ff923bb263f:   85 c9 74 61 ff 15 d7 69 6a 00 4c 8b f8 48 85 c0
0x00007ff923bb264f:   74 53 48 8b ae 38 02 00 00 48 8b 7d 18 48 83 ff
0x00007ff923bb265f:   f7 76 18 4c 8d 05 4f e0 4d 00 ba 08 00 00 00 48
0x00007ff923bb266f:   8b cd e8 ba 82 cd ff 48 8b 7d 18 48 8d 47 08 48
0x00007ff923bb267f:   3b 45 20 76 17 45 33 c0 48 8b cd 41 8d 50 08 e8
0x00007ff923bb268f:   1d 7f cd ff 48 8b f8 4c 89 38 eb 0c 48 89 45 18
0x00007ff923bb269f:   4c 89 3f eb 03 48 8b fb 49 8b 06 49 8b ce ff 90
0x00007ff923bb26af:   e8 00 00 00 4c 8b 7c 24 60 4c 8b f0 48 85 c0 74
0x00007ff923bb26bf:   4e 48 8b ae 38 02 00 00 48 8b 5d 18 48 83 fb f7
0x00007ff923bb26cf:   76 18 4c 8d 05 e0 df 4d 00 ba 08 00 00 00 48 8b
0x00007ff923bb26df:   cd e8 4b 82 cd ff 48 8b 5d 18 48 8d 43 08 48 3b
0x00007ff923bb26ef:   45 20 76 14 45 33 c0 48 8b cd 41 8d 50 08 e8 ae
0x00007ff923bb26ff:   7e cd ff 48 8b d8 eb 04 48 89 45 18 4c 89 33 48
0x00007ff923bb270f:   89 5c 24 30 48 8d 15 66 1e 53 00 48 89 7c 24 28
0x00007ff923bb271f:   4d 8b cc 41 b8 17 02 00 00 4c 89 6c 24 20 48 8b 


Stack slot to memory mapping:
stack at sp + 0 slots: 0x0 is NULL
stack at sp + 1 slots: 0x00007ff99733fcb0 jSerialComm.dll
stack at sp + 2 slots: 0x00007ff997339820 jSerialComm.dll
stack at sp + 3 slots: 0x0000000000000040 is an unknown value
stack at sp + 4 slots: 0x000000bbbf2ff008 is pointing into the stack for thread: 0x00000224777c42e0
stack at sp + 5 slots: 0x00007ff997311128 jSerialComm.dll
stack at sp + 6 slots: 0x0000768787758c0a is an unknown value
stack at sp + 7 slots: 0x0000022475055887 points into unknown readable memory: 63


---------------  P R O C E S S  ---------------

Threads class SMR info:
_java_thread_list=0x000002247776da60, length=23, elements={
0x00000224504da840, 0x000002247501dd70, 0x000002247501e920, 0x0000022475034200,
0x0000022475034cc0, 0x0000022475039a90, 0x000002247503a440, 0x0000022475042b00,
0x000002247504b5b0, 0x0000022475054770, 0x0000022475ccd230, 0x000002247613de60,
0x00000224761d55f0, 0x0000022475d4d1b0, 0x000002247630f140, 0x00000224767388c0,
0x0000022476a06320, 0x0000022476a08d40, 0x0000022476c1ff30, 0x0000022476ce6fa0,
0x00000224777c3470, 0x00000224777c42e0, 0x00000224777c47b0
}

Java Threads: ( => current thread )
  0x00000224504da840 JavaThread "main" [_thread_blocked, id=7852, stack(0x000000bbbcd00000,0x000000bbbce00000)]
  0x000002247501dd70 JavaThread "Reference Handler" daemon [_thread_blocked, id=3528, stack(0x000000bbbd400000,0x000000bbbd500000)]
  0x000002247501e920 JavaThread "Finalizer" daemon [_thread_blocked, id=5244, stack(0x000000bbbd500000,0x000000bbbd600000)]
  0x0000022475034200 JavaThread "Signal Dispatcher" daemon [_thread_blocked, id=13548, stack(0x000000bbbd600000,0x000000bbbd700000)]
  0x0000022475034cc0 JavaThread "Attach Listener" daemon [_thread_blocked, id=7232, stack(0x000000bbbd700000,0x000000bbbd800000)]
  0x0000022475039a90 JavaThread "Service Thread" daemon [_thread_blocked, id=13448, stack(0x000000bbbd800000,0x000000bbbd900000)]
  0x000002247503a440 JavaThread "Monitor Deflation Thread" daemon [_thread_blocked, id=14448, stack(0x000000bbbd900000,0x000000bbbda00000)]
  0x0000022475042b00 JavaThread "C2 CompilerThread0" daemon [_thread_blocked, id=4536, stack(0x000000bbbda00000,0x000000bbbdb00000)]
  0x000002247504b5b0 JavaThread "C1 CompilerThread0" daemon [_thread_blocked, id=14080, stack(0x000000bbbdb00000,0x000000bbbdc00000)]
  0x0000022475054770 JavaThread "Sweeper thread" daemon [_thread_blocked, id=5144, stack(0x000000bbbdc00000,0x000000bbbdd00000)]
  0x0000022475ccd230 JavaThread "Common-Cleaner" daemon [_thread_blocked, id=5528, stack(0x000000bbbdd00000,0x000000bbbde00000)]
  0x000002247613de60 JavaThread "JDWP Transport Listener: dt_socket" daemon [_thread_blocked, id=13168, stack(0x000000bbbe000000,0x000000bbbe100000)]
  0x00000224761d55f0 JavaThread "JDWP Event Helper Thread" daemon [_thread_blocked, id=12968, stack(0x000000bbbe100000,0x000000bbbe200000)]
  0x0000022475d4d1b0 JavaThread "JDWP Command Reader" daemon [_thread_in_native, id=3972, stack(0x000000bbbe200000,0x000000bbbe300000)]
  0x000002247630f140 JavaThread "Notification Thread" daemon [_thread_blocked, id=7244, stack(0x000000bbbde00000,0x000000bbbdf00000)]
  0x00000224767388c0 JavaThread "QuantumRenderer-0" daemon [_thread_blocked, id=15664, stack(0x000000bbbe400000,0x000000bbbe500000)]
  0x0000022476a06320 JavaThread "InvokeLaterDispatcher" daemon [_thread_blocked, id=8944, stack(0x000000bbbe300000,0x000000bbbe400000)]
  0x0000022476a08d40 JavaThread "JavaFX Application Thread" [_thread_in_native, id=13492, stack(0x000000bbbe500000,0x000000bbbe600000)]
  0x0000022476c1ff30 JavaThread "Thread-1" daemon [_thread_in_native, id=15520, stack(0x000000bbbe900000,0x000000bbbea00000)]
  0x0000022476ce6fa0 JavaThread "JavaFX-Launcher" [_thread_blocked, id=5040, stack(0x000000bbbea00000,0x000000bbbeb00000)]
  0x00000224777c3470 JavaThread "Prism Font Disposer" daemon [_thread_blocked, id=14564, stack(0x000000bbbf600000,0x000000bbbf700000)]
=>0x00000224777c42e0 JavaThread "Thread-6" [_thread_in_vm, id=12548, stack(0x000000bbbf200000,0x000000bbbf300000)]
  0x00000224777c47b0 JavaThread "Cleaner-0" daemon [_thread_blocked, id=8276, stack(0x000000bbbf700000,0x000000bbbf800000)]

Other Threads:
  0x00000224750192d0 VMThread "VM Thread" [stack: 0x000000bbbd300000,0x000000bbbd400000] [id=6792]
  0x000002245054f650 WatcherThread [stack: 0x000000bbbdf00000,0x000000bbbe000000] [id=2280]
  0x0000022450529740 GCTaskThread "GC Thread#0" [stack: 0x000000bbbce00000,0x000000bbbcf00000] [id=7956]
  0x0000022476c60a80 GCTaskThread "GC Thread#1" [stack: 0x000000bbbeb00000,0x000000bbbec00000] [id=11420]
  0x0000022476c3b910 GCTaskThread "GC Thread#2" [stack: 0x000000bbbec00000,0x000000bbbed00000] [id=2592]
  0x0000022476c07bf0 GCTaskThread "GC Thread#3" [stack: 0x000000bbbed00000,0x000000bbbee00000] [id=5892]
  0x0000022476c07ea0 GCTaskThread "GC Thread#4" [stack: 0x000000bbbee00000,0x000000bbbef00000] [id=3220]
  0x0000022476c08150 GCTaskThread "GC Thread#5" [stack: 0x000000bbbef00000,0x000000bbbf000000] [id=12136]
  0x0000022476bff680 GCTaskThread "GC Thread#6" [stack: 0x000000bbbf000000,0x000000bbbf100000] [id=11408]
  0x0000022476bff930 GCTaskThread "GC Thread#7" [stack: 0x000000bbbf100000,0x000000bbbf200000] [id=12564]
  0x000002245053c3c0 ConcurrentGCThread "G1 Main Marker" [stack: 0x000000bbbcf00000,0x000000bbbd000000] [id=13360]
  0x000002245053e580 ConcurrentGCThread "G1 Conc#0" [stack: 0x000000bbbd000000,0x000000bbbd100000] [id=9872]
  0x0000022450591940 ConcurrentGCThread "G1 Refine#0" [stack: 0x000000bbbd100000,0x000000bbbd200000] [id=5820]
  0x0000022450592360 ConcurrentGCThread "G1 Service" [stack: 0x000000bbbd200000,0x000000bbbd300000] [id=5940]

Threads with active compile tasks:

VM state: not at safepoint (normal execution)

VM Mutex/Monitor currently owned by a thread: None

Heap address: 0x0000000703a00000, size: 4038 MB, Compressed Oops mode: Zero based, Oop shift amount: 3

CDS archive(s) mapped at: [0x0000000800000000-0x0000000800bc0000-0x0000000800bc0000), size 12320768, SharedBaseAddress: 0x0000000800000000, ArchiveRelocationMode: 0.
Compressed class space mapped at: 0x0000000800c00000-0x0000000840c00000, reserved size: 1073741824
Narrow klass base: 0x0000000800000000, Narrow klass shift: 0, Narrow klass range: 0x100000000

GC Precious Log:
 CPUs: 8 total, 8 available
 Memory: 16149M
 Large Page Support: Disabled
 NUMA Support: Disabled
 Compressed Oops: Enabled (Zero based)
 Heap Region Size: 2M
 Heap Min Capacity: 8M
 Heap Initial Capacity: 254M
 Heap Max Capacity: 4038M
 Pre-touch: Disabled
 Parallel Workers: 8
 Concurrent Workers: 2
 Concurrent Refinement Workers: 8
 Periodic GC: Disabled

Heap:
 garbage-first heap   total 260096K, used 24598K [0x0000000703a00000, 0x0000000800000000)
  region size 2048K, 12 young (24576K), 3 survivors (6144K)
 Metaspace       used 16520K, committed 16704K, reserved 1064960K
  class space    used 2527K, committed 2624K, reserved 1048576K

Heap Regions: E=young(eden), S=young(survivor), O=old, HS=humongous(starts), HC=humongous(continues), CS=collection set, F=free, OA=open archive, CA=closed archive, TAMS=top-at-mark-start (previous, next)
|   0|0x0000000703a00000, 0x0000000703a05a00, 0x0000000703c00000|  1%| O|  |TAMS 0x0000000703a00000, 0x0000000703a00000| Untracked 
|   1|0x0000000703c00000, 0x0000000703e00000, 0x0000000703e00000|100%|HS|  |TAMS 0x0000000703c00000, 0x0000000703c00000| Complete 
|   2|0x0000000703e00000, 0x0000000703e00000, 0x0000000704000000|  0%| F|  |TAMS 0x0000000703e00000, 0x0000000703e00000| Untracked 
|   3|0x0000000704000000, 0x0000000704000000, 0x0000000704200000|  0%| F|  |TAMS 0x0000000704000000, 0x0000000704000000| Untracked 
|   4|0x0000000704200000, 0x0000000704200000, 0x0000000704400000|  0%| F|  |TAMS 0x0000000704200000, 0x0000000704200000| Untracked 
|   5|0x0000000704400000, 0x0000000704400000, 0x0000000704600000|  0%| F|  |TAMS 0x0000000704400000, 0x0000000704400000| Untracked 
|   6|0x0000000704600000, 0x0000000704600000, 0x0000000704800000|  0%| F|  |TAMS 0x0000000704600000, 0x0000000704600000| Untracked 
|   7|0x0000000704800000, 0x0000000704800000, 0x0000000704a00000|  0%| F|  |TAMS 0x0000000704800000, 0x0000000704800000| Untracked 
|   8|0x0000000704a00000, 0x0000000704a00000, 0x0000000704c00000|  0%| F|  |TAMS 0x0000000704a00000, 0x0000000704a00000| Untracked 
|   9|0x0000000704c00000, 0x0000000704c00000, 0x0000000704e00000|  0%| F|  |TAMS 0x0000000704c00000, 0x0000000704c00000| Untracked 
|  10|0x0000000704e00000, 0x0000000704e00000, 0x0000000705000000|  0%| F|  |TAMS 0x0000000704e00000, 0x0000000704e00000| Untracked 
|  11|0x0000000705000000, 0x0000000705000000, 0x0000000705200000|  0%| F|  |TAMS 0x0000000705000000, 0x0000000705000000| Untracked 
|  12|0x0000000705200000, 0x0000000705200000, 0x0000000705400000|  0%| F|  |TAMS 0x0000000705200000, 0x0000000705200000| Untracked 
|  13|0x0000000705400000, 0x0000000705400000, 0x0000000705600000|  0%| F|  |TAMS 0x0000000705400000, 0x0000000705400000| Untracked 
|  14|0x0000000705600000, 0x0000000705600000, 0x0000000705800000|  0%| F|  |TAMS 0x0000000705600000, 0x0000000705600000| Untracked 
|  15|0x0000000705800000, 0x0000000705800000, 0x0000000705a00000|  0%| F|  |TAMS 0x0000000705800000, 0x0000000705800000| Untracked 
|  16|0x0000000705a00000, 0x0000000705a00000, 0x0000000705c00000|  0%| F|  |TAMS 0x0000000705a00000, 0x0000000705a00000| Untracked 
|  17|0x0000000705c00000, 0x0000000705c00000, 0x0000000705e00000|  0%| F|  |TAMS 0x0000000705c00000, 0x0000000705c00000| Untracked 
|  18|0x0000000705e00000, 0x0000000705e00000, 0x0000000706000000|  0%| F|  |TAMS 0x0000000705e00000, 0x0000000705e00000| Untracked 
|  19|0x0000000706000000, 0x0000000706000000, 0x0000000706200000|  0%| F|  |TAMS 0x0000000706000000, 0x0000000706000000| Untracked 
|  20|0x0000000706200000, 0x0000000706200000, 0x0000000706400000|  0%| F|  |TAMS 0x0000000706200000, 0x0000000706200000| Untracked 
|  21|0x0000000706400000, 0x0000000706400000, 0x0000000706600000|  0%| F|  |TAMS 0x0000000706400000, 0x0000000706400000| Untracked 
|  22|0x0000000706600000, 0x0000000706600000, 0x0000000706800000|  0%| F|  |TAMS 0x0000000706600000, 0x0000000706600000| Untracked 
|  23|0x0000000706800000, 0x0000000706800000, 0x0000000706a00000|  0%| F|  |TAMS 0x0000000706800000, 0x0000000706800000| Untracked 
|  24|0x0000000706a00000, 0x0000000706a00000, 0x0000000706c00000|  0%| F|  |TAMS 0x0000000706a00000, 0x0000000706a00000| Untracked 
|  25|0x0000000706c00000, 0x0000000706c00000, 0x0000000706e00000|  0%| F|  |TAMS 0x0000000706c00000, 0x0000000706c00000| Untracked 
|  26|0x0000000706e00000, 0x0000000706e00000, 0x0000000707000000|  0%| F|  |TAMS 0x0000000706e00000, 0x0000000706e00000| Untracked 
|  27|0x0000000707000000, 0x0000000707000000, 0x0000000707200000|  0%| F|  |TAMS 0x0000000707000000, 0x0000000707000000| Untracked 
|  28|0x0000000707200000, 0x0000000707200000, 0x0000000707400000|  0%| F|  |TAMS 0x0000000707200000, 0x0000000707200000| Untracked 
|  29|0x0000000707400000, 0x0000000707400000, 0x0000000707600000|  0%| F|  |TAMS 0x0000000707400000, 0x0000000707400000| Untracked 
|  30|0x0000000707600000, 0x0000000707600000, 0x0000000707800000|  0%| F|  |TAMS 0x0000000707600000, 0x0000000707600000| Untracked 
|  31|0x0000000707800000, 0x0000000707800000, 0x0000000707a00000|  0%| F|  |TAMS 0x0000000707800000, 0x0000000707800000| Untracked 
|  32|0x0000000707a00000, 0x0000000707a00000, 0x0000000707c00000|  0%| F|  |TAMS 0x0000000707a00000, 0x0000000707a00000| Untracked 
|  33|0x0000000707c00000, 0x0000000707c00000, 0x0000000707e00000|  0%| F|  |TAMS 0x0000000707c00000, 0x0000000707c00000| Untracked 
|  34|0x0000000707e00000, 0x0000000707e00000, 0x0000000708000000|  0%| F|  |TAMS 0x0000000707e00000, 0x0000000707e00000| Untracked 
|  35|0x0000000708000000, 0x0000000708000000, 0x0000000708200000|  0%| F|  |TAMS 0x0000000708000000, 0x0000000708000000| Untracked 
|  36|0x0000000708200000, 0x0000000708200000, 0x0000000708400000|  0%| F|  |TAMS 0x0000000708200000, 0x0000000708200000| Untracked 
|  37|0x0000000708400000, 0x0000000708400000, 0x0000000708600000|  0%| F|  |TAMS 0x0000000708400000, 0x0000000708400000| Untracked 
|  38|0x0000000708600000, 0x0000000708600000, 0x0000000708800000|  0%| F|  |TAMS 0x0000000708600000, 0x0000000708600000| Untracked 
|  39|0x0000000708800000, 0x0000000708800000, 0x0000000708a00000|  0%| F|  |TAMS 0x0000000708800000, 0x0000000708800000| Untracked 
|  40|0x0000000708a00000, 0x0000000708a00000, 0x0000000708c00000|  0%| F|  |TAMS 0x0000000708a00000, 0x0000000708a00000| Untracked 
|  41|0x0000000708c00000, 0x0000000708c00000, 0x0000000708e00000|  0%| F|  |TAMS 0x0000000708c00000, 0x0000000708c00000| Untracked 
|  42|0x0000000708e00000, 0x0000000708e00000, 0x0000000709000000|  0%| F|  |TAMS 0x0000000708e00000, 0x0000000708e00000| Untracked 
|  43|0x0000000709000000, 0x0000000709000000, 0x0000000709200000|  0%| F|  |TAMS 0x0000000709000000, 0x0000000709000000| Untracked 
|  44|0x0000000709200000, 0x0000000709200000, 0x0000000709400000|  0%| F|  |TAMS 0x0000000709200000, 0x0000000709200000| Untracked 
|  45|0x0000000709400000, 0x0000000709400000, 0x0000000709600000|  0%| F|  |TAMS 0x0000000709400000, 0x0000000709400000| Untracked 
|  46|0x0000000709600000, 0x0000000709600000, 0x0000000709800000|  0%| F|  |TAMS 0x0000000709600000, 0x0000000709600000| Untracked 
|  47|0x0000000709800000, 0x0000000709800000, 0x0000000709a00000|  0%| F|  |TAMS 0x0000000709800000, 0x0000000709800000| Untracked 
|  48|0x0000000709a00000, 0x0000000709a00000, 0x0000000709c00000|  0%| F|  |TAMS 0x0000000709a00000, 0x0000000709a00000| Untracked 
|  49|0x0000000709c00000, 0x0000000709c00000, 0x0000000709e00000|  0%| F|  |TAMS 0x0000000709c00000, 0x0000000709c00000| Untracked 
|  50|0x0000000709e00000, 0x0000000709e00000, 0x000000070a000000|  0%| F|  |TAMS 0x0000000709e00000, 0x0000000709e00000| Untracked 
|  51|0x000000070a000000, 0x000000070a000000, 0x000000070a200000|  0%| F|  |TAMS 0x000000070a000000, 0x000000070a000000| Untracked 
|  52|0x000000070a200000, 0x000000070a200000, 0x000000070a400000|  0%| F|  |TAMS 0x000000070a200000, 0x000000070a200000| Untracked 
|  53|0x000000070a400000, 0x000000070a400000, 0x000000070a600000|  0%| F|  |TAMS 0x000000070a400000, 0x000000070a400000| Untracked 
|  54|0x000000070a600000, 0x000000070a600000, 0x000000070a800000|  0%| F|  |TAMS 0x000000070a600000, 0x000000070a600000| Untracked 
|  55|0x000000070a800000, 0x000000070a800000, 0x000000070aa00000|  0%| F|  |TAMS 0x000000070a800000, 0x000000070a800000| Untracked 
|  56|0x000000070aa00000, 0x000000070aa00000, 0x000000070ac00000|  0%| F|  |TAMS 0x000000070aa00000, 0x000000070aa00000| Untracked 
|  57|0x000000070ac00000, 0x000000070ac00000, 0x000000070ae00000|  0%| F|  |TAMS 0x000000070ac00000, 0x000000070ac00000| Untracked 
|  58|0x000000070ae00000, 0x000000070ae00000, 0x000000070b000000|  0%| F|  |TAMS 0x000000070ae00000, 0x000000070ae00000| Untracked 
|  59|0x000000070b000000, 0x000000070b000000, 0x000000070b200000|  0%| F|  |TAMS 0x000000070b000000, 0x000000070b000000| Untracked 
|  60|0x000000070b200000, 0x000000070b200000, 0x000000070b400000|  0%| F|  |TAMS 0x000000070b200000, 0x000000070b200000| Untracked 
|  61|0x000000070b400000, 0x000000070b400000, 0x000000070b600000|  0%| F|  |TAMS 0x000000070b400000, 0x000000070b400000| Untracked 
|  62|0x000000070b600000, 0x000000070b600000, 0x000000070b800000|  0%| F|  |TAMS 0x000000070b600000, 0x000000070b600000| Untracked 
|  63|0x000000070b800000, 0x000000070b800000, 0x000000070ba00000|  0%| F|  |TAMS 0x000000070b800000, 0x000000070b800000| Untracked 
|  64|0x000000070ba00000, 0x000000070ba00000, 0x000000070bc00000|  0%| F|  |TAMS 0x000000070ba00000, 0x000000070ba00000| Untracked 
|  65|0x000000070bc00000, 0x000000070bc00000, 0x000000070be00000|  0%| F|  |TAMS 0x000000070bc00000, 0x000000070bc00000| Untracked 
|  66|0x000000070be00000, 0x000000070be00000, 0x000000070c000000|  0%| F|  |TAMS 0x000000070be00000, 0x000000070be00000| Untracked 
|  67|0x000000070c000000, 0x000000070c000000, 0x000000070c200000|  0%| F|  |TAMS 0x000000070c000000, 0x000000070c000000| Untracked 
|  68|0x000000070c200000, 0x000000070c200000, 0x000000070c400000|  0%| F|  |TAMS 0x000000070c200000, 0x000000070c200000| Untracked 
|  69|0x000000070c400000, 0x000000070c400000, 0x000000070c600000|  0%| F|  |TAMS 0x000000070c400000, 0x000000070c400000| Untracked 
|  70|0x000000070c600000, 0x000000070c600000, 0x000000070c800000|  0%| F|  |TAMS 0x000000070c600000, 0x000000070c600000| Untracked 
|  71|0x000000070c800000, 0x000000070c800000, 0x000000070ca00000|  0%| F|  |TAMS 0x000000070c800000, 0x000000070c800000| Untracked 
|  72|0x000000070ca00000, 0x000000070ca00000, 0x000000070cc00000|  0%| F|  |TAMS 0x000000070ca00000, 0x000000070ca00000| Untracked 
|  73|0x000000070cc00000, 0x000000070cc00000, 0x000000070ce00000|  0%| F|  |TAMS 0x000000070cc00000, 0x000000070cc00000| Untracked 
|  74|0x000000070ce00000, 0x000000070ce00000, 0x000000070d000000|  0%| F|  |TAMS 0x000000070ce00000, 0x000000070ce00000| Untracked 
|  75|0x000000070d000000, 0x000000070d000000, 0x000000070d200000|  0%| F|  |TAMS 0x000000070d000000, 0x000000070d000000| Untracked 
|  76|0x000000070d200000, 0x000000070d200000, 0x000000070d400000|  0%| F|  |TAMS 0x000000070d200000, 0x000000070d200000| Untracked 
|  77|0x000000070d400000, 0x000000070d400000, 0x000000070d600000|  0%| F|  |TAMS 0x000000070d400000, 0x000000070d400000| Untracked 
|  78|0x000000070d600000, 0x000000070d600000, 0x000000070d800000|  0%| F|  |TAMS 0x000000070d600000, 0x000000070d600000| Untracked 
|  79|0x000000070d800000, 0x000000070d800000, 0x000000070da00000|  0%| F|  |TAMS 0x000000070d800000, 0x000000070d800000| Untracked 
|  80|0x000000070da00000, 0x000000070da00000, 0x000000070dc00000|  0%| F|  |TAMS 0x000000070da00000, 0x000000070da00000| Untracked 
|  81|0x000000070dc00000, 0x000000070dc00000, 0x000000070de00000|  0%| F|  |TAMS 0x000000070dc00000, 0x000000070dc00000| Untracked 
|  82|0x000000070de00000, 0x000000070de00000, 0x000000070e000000|  0%| F|  |TAMS 0x000000070de00000, 0x000000070de00000| Untracked 
|  83|0x000000070e000000, 0x000000070e000000, 0x000000070e200000|  0%| F|  |TAMS 0x000000070e000000, 0x000000070e000000| Untracked 
|  84|0x000000070e200000, 0x000000070e200000, 0x000000070e400000|  0%| F|  |TAMS 0x000000070e200000, 0x000000070e200000| Untracked 
|  85|0x000000070e400000, 0x000000070e400000, 0x000000070e600000|  0%| F|  |TAMS 0x000000070e400000, 0x000000070e400000| Untracked 
|  86|0x000000070e600000, 0x000000070e600000, 0x000000070e800000|  0%| F|  |TAMS 0x000000070e600000, 0x000000070e600000| Untracked 
|  87|0x000000070e800000, 0x000000070e800000, 0x000000070ea00000|  0%| F|  |TAMS 0x000000070e800000, 0x000000070e800000| Untracked 
|  88|0x000000070ea00000, 0x000000070ea00000, 0x000000070ec00000|  0%| F|  |TAMS 0x000000070ea00000, 0x000000070ea00000| Untracked 
|  89|0x000000070ec00000, 0x000000070ec00000, 0x000000070ee00000|  0%| F|  |TAMS 0x000000070ec00000, 0x000000070ec00000| Untracked 
|  90|0x000000070ee00000, 0x000000070ee00000, 0x000000070f000000|  0%| F|  |TAMS 0x000000070ee00000, 0x000000070ee00000| Untracked 
|  91|0x000000070f000000, 0x000000070f000000, 0x000000070f200000|  0%| F|  |TAMS 0x000000070f000000, 0x000000070f000000| Untracked 
|  92|0x000000070f200000, 0x000000070f200000, 0x000000070f400000|  0%| F|  |TAMS 0x000000070f200000, 0x000000070f200000| Untracked 
|  93|0x000000070f400000, 0x000000070f400000, 0x000000070f600000|  0%| F|  |TAMS 0x000000070f400000, 0x000000070f400000| Untracked 
|  94|0x000000070f600000, 0x000000070f600000, 0x000000070f800000|  0%| F|  |TAMS 0x000000070f600000, 0x000000070f600000| Untracked 
|  95|0x000000070f800000, 0x000000070f800000, 0x000000070fa00000|  0%| F|  |TAMS 0x000000070f800000, 0x000000070f800000| Untracked 
|  96|0x000000070fa00000, 0x000000070fa00000, 0x000000070fc00000|  0%| F|  |TAMS 0x000000070fa00000, 0x000000070fa00000| Untracked 
|  97|0x000000070fc00000, 0x000000070fc00000, 0x000000070fe00000|  0%| F|  |TAMS 0x000000070fc00000, 0x000000070fc00000| Untracked 
|  98|0x000000070fe00000, 0x000000070fe00000, 0x0000000710000000|  0%| F|  |TAMS 0x000000070fe00000, 0x000000070fe00000| Untracked 
|  99|0x0000000710000000, 0x0000000710000000, 0x0000000710200000|  0%| F|  |TAMS 0x0000000710000000, 0x0000000710000000| Untracked 
| 100|0x0000000710200000, 0x0000000710200000, 0x0000000710400000|  0%| F|  |TAMS 0x0000000710200000, 0x0000000710200000| Untracked 
| 101|0x0000000710400000, 0x0000000710400000, 0x0000000710600000|  0%| F|  |TAMS 0x0000000710400000, 0x0000000710400000| Untracked 
| 102|0x0000000710600000, 0x0000000710600000, 0x0000000710800000|  0%| F|  |TAMS 0x0000000710600000, 0x0000000710600000| Untracked 
| 103|0x0000000710800000, 0x0000000710a00000, 0x0000000710a00000|100%| S|CS|TAMS 0x0000000710800000, 0x0000000710800000| Complete 
| 104|0x0000000710a00000, 0x0000000710c00000, 0x0000000710c00000|100%| S|CS|TAMS 0x0000000710a00000, 0x0000000710a00000| Complete 
| 105|0x0000000710c00000, 0x0000000710e00000, 0x0000000710e00000|100%| S|CS|TAMS 0x0000000710c00000, 0x0000000710c00000| Complete 
| 106|0x0000000710e00000, 0x0000000710e00000, 0x0000000711000000|  0%| F|  |TAMS 0x0000000710e00000, 0x0000000710e00000| Untracked 
| 107|0x0000000711000000, 0x0000000711000000, 0x0000000711200000|  0%| F|  |TAMS 0x0000000711000000, 0x0000000711000000| Untracked 
| 108|0x0000000711200000, 0x0000000711200000, 0x0000000711400000|  0%| F|  |TAMS 0x0000000711200000, 0x0000000711200000| Untracked 
| 109|0x0000000711400000, 0x0000000711400000, 0x0000000711600000|  0%| F|  |TAMS 0x0000000711400000, 0x0000000711400000| Untracked 
| 110|0x0000000711600000, 0x0000000711600000, 0x0000000711800000|  0%| F|  |TAMS 0x0000000711600000, 0x0000000711600000| Untracked 
| 111|0x0000000711800000, 0x0000000711800000, 0x0000000711a00000|  0%| F|  |TAMS 0x0000000711800000, 0x0000000711800000| Untracked 
| 112|0x0000000711a00000, 0x0000000711a00000, 0x0000000711c00000|  0%| F|  |TAMS 0x0000000711a00000, 0x0000000711a00000| Untracked 
| 113|0x0000000711c00000, 0x0000000711c00000, 0x0000000711e00000|  0%| F|  |TAMS 0x0000000711c00000, 0x0000000711c00000| Untracked 
| 114|0x0000000711e00000, 0x0000000711e00000, 0x0000000712000000|  0%| F|  |TAMS 0x0000000711e00000, 0x0000000711e00000| Untracked 
| 115|0x0000000712000000, 0x0000000712000000, 0x0000000712200000|  0%| F|  |TAMS 0x0000000712000000, 0x0000000712000000| Untracked 
| 116|0x0000000712200000, 0x0000000712200000, 0x0000000712400000|  0%| F|  |TAMS 0x0000000712200000, 0x0000000712200000| Untracked 
| 117|0x0000000712400000, 0x0000000712400000, 0x0000000712600000|  0%| F|  |TAMS 0x0000000712400000, 0x0000000712400000| Untracked 
| 118|0x0000000712600000, 0x0000000712796018, 0x0000000712800000| 79%| E|  |TAMS 0x0000000712600000, 0x0000000712600000| Complete 
| 119|0x0000000712800000, 0x0000000712a00000, 0x0000000712a00000|100%| E|CS|TAMS 0x0000000712800000, 0x0000000712800000| Complete 
| 120|0x0000000712a00000, 0x0000000712c00000, 0x0000000712c00000|100%| E|CS|TAMS 0x0000000712a00000, 0x0000000712a00000| Complete 
| 121|0x0000000712c00000, 0x0000000712e00000, 0x0000000712e00000|100%| E|CS|TAMS 0x0000000712c00000, 0x0000000712c00000| Complete 
| 122|0x0000000712e00000, 0x0000000713000000, 0x0000000713000000|100%| E|CS|TAMS 0x0000000712e00000, 0x0000000712e00000| Complete 
| 123|0x0000000713000000, 0x0000000713200000, 0x0000000713200000|100%| E|CS|TAMS 0x0000000713000000, 0x0000000713000000| Complete 
| 124|0x0000000713200000, 0x0000000713400000, 0x0000000713400000|100%| E|CS|TAMS 0x0000000713200000, 0x0000000713200000| Complete 
| 125|0x0000000713400000, 0x0000000713600000, 0x0000000713600000|100%| E|CS|TAMS 0x0000000713400000, 0x0000000713400000| Complete 
| 126|0x0000000713600000, 0x0000000713800000, 0x0000000713800000|100%| E|CS|TAMS 0x0000000713600000, 0x0000000713600000| Complete 

Card table byte_map: [0x0000022469710000,0x0000022469f00000] _byte_map_base: 0x0000022465ef3000

Marking Bits (Prev, Next): (CMBitMap*) 0x000002245052ad60, (CMBitMap*) 0x000002245052ada0
 Prev Bits: [0x000002246a6f0000, 0x000002246e608000)
 Next Bits: [0x000002246e610000, 0x0000022472528000)

Polling page: 0x00000224505a0000

Metaspace:

Usage:
  Non-class:     13.67 MB used.
      Class:      2.47 MB used.
       Both:     16.13 MB used.

Virtual space:
  Non-class space:       16.00 MB reserved,      13.75 MB ( 86%) committed,  2 nodes.
      Class space:        1.00 GB reserved,       2.56 MB ( <1%) committed,  1 nodes.
             Both:        1.02 GB reserved,      16.31 MB (  2%) committed. 

Chunk freelists:
   Non-Class:  1.50 MB
       Class:  1.38 MB
        Both:  2.88 MB

MaxMetaspaceSize: unlimited
CompressedClassSpaceSize: 1.00 GB
Initial GC threshold: 21.00 MB
Current GC threshold: 21.00 MB
CDS: on
MetaspaceReclaimPolicy: balanced
 - commit_granule_bytes: 65536.
 - commit_granule_words: 8192.
 - virtual_space_node_default_size: 1048576.
 - enlarge_chunks_in_place: 1.
 - new_chunks_are_fully_committed: 0.
 - uncommit_free_chunks: 1.
 - use_allocation_guard: 0.
 - handle_deallocations: 1.


Internal statistics:

num_allocs_failed_limit: 0.
num_arena_births: 206.
num_arena_deaths: 0.
num_vsnodes_births: 3.
num_vsnodes_deaths: 0.
num_space_committed: 261.
num_space_uncommitted: 0.
num_chunks_returned_to_freelist: 0.
num_chunks_taken_from_freelist: 720.
num_chunk_merges: 0.
num_chunk_splits: 503.
num_chunks_enlarged: 398.
num_purges: 0.
num_inconsistent_stats: 0.

CodeHeap 'non-profiled nmethods': size=120000Kb used=1169Kb max_used=1169Kb free=118830Kb
 bounds [0x0000022460f70000, 0x00000224611e0000, 0x00000224684a0000]
CodeHeap 'profiled nmethods': size=120000Kb used=4561Kb max_used=4561Kb free=115438Kb
 bounds [0x0000022459a40000, 0x0000022459ec0000, 0x0000022460f70000]
CodeHeap 'non-nmethods': size=5760Kb used=1504Kb max_used=1579Kb free=4255Kb
 bounds [0x00000224594a0000, 0x0000022459710000, 0x0000022459a40000]
 total_blobs=3108 nmethods=2320 adapters=700
 compilation: enabled
              stopped_count=0, restarted_count=0
 full_count=0

Compilation events (20 events):
Event: 45.261 Thread 0x000002247504b5b0 nmethod 2318 0x0000022461083a90 code [0x0000022461083c40, 0x0000022461083d18]
Event: 45.261 Thread 0x000002247504b5b0 2319       1       com.sun.javafx.geom.transform.BaseTransform::getMyz (2 bytes)
Event: 45.261 Thread 0x000002247504b5b0 nmethod 2319 0x0000022461083d90 code [0x0000022461083f40, 0x0000022461084018]
Event: 45.261 Thread 0x000002247504b5b0 2320       1       com.sun.javafx.geom.transform.BaseTransform::getMzx (2 bytes)
Event: 45.261 Thread 0x000002247504b5b0 nmethod 2320 0x0000022461084090 code [0x0000022461084240, 0x0000022461084318]
Event: 45.261 Thread 0x000002247504b5b0 2321       1       com.sun.javafx.geom.transform.BaseTransform::getMzy (2 bytes)
Event: 45.262 Thread 0x000002247504b5b0 nmethod 2321 0x0000022461084390 code [0x0000022461084540, 0x0000022461084618]
Event: 45.262 Thread 0x000002247504b5b0 2322       1       com.sun.javafx.geom.transform.BaseTransform::getMzz (2 bytes)
Event: 45.262 Thread 0x000002247504b5b0 nmethod 2322 0x0000022461084690 code [0x0000022461084840, 0x0000022461084918]
Event: 45.262 Thread 0x000002247504b5b0 2313       1       com.sun.javafx.sg.prism.NGNode::getEffectFilter (5 bytes)
Event: 45.262 Thread 0x000002247504b5b0 nmethod 2313 0x0000022461084990 code [0x0000022461084b20, 0x0000022461084bf8]
Event: 45.262 Thread 0x000002247504b5b0 2314       1       com.sun.prism.impl.BaseGraphics::getPaint (5 bytes)
Event: 45.262 Thread 0x000002247504b5b0 nmethod 2314 0x0000022461084c90 code [0x0000022461084e20, 0x0000022461084ef8]
Event: 45.262 Thread 0x000002247504b5b0 2315       1       com.sun.javafx.sg.prism.NGNode::getCacheFilter (5 bytes)
Event: 45.262 Thread 0x000002247504b5b0 nmethod 2315 0x0000022461084f90 code [0x0000022461085120, 0x00000224610851f8]
Event: 45.262 Thread 0x000002247504b5b0 2324       1       com.sun.prism.impl.GlyphCache$GlyphData::getRect (5 bytes)
Event: 45.262 Thread 0x000002247504b5b0 nmethod 2324 0x0000022461085290 code [0x0000022461085420, 0x00000224610854f8]
Event: 45.520 Thread 0x0000022475042b00 nmethod 2317% 0x0000022461085590 code [0x0000022461085820, 0x000002246108fb50]
Event: 45.520 Thread 0x0000022475042b00 2316       4       com.sun.marlin.Renderer::copyAARow (100 bytes)
Event: 45.524 Thread 0x0000022475042b00 nmethod 2316 0x0000022461094090 code [0x0000022461094240, 0x0000022461094418]

GC Heap History (4 events):
Event: 1.387 GC heap before
{Heap before GC invocations=0 (full 0):
 garbage-first heap   total 260096K, used 22528K [0x0000000703a00000, 0x0000000800000000)
  region size 2048K, 11 young (22528K), 0 survivors (0K)
 Metaspace       used 4645K, committed 4800K, reserved 1056768K
  class space    used 513K, committed 576K, reserved 1048576K
}
Event: 1.391 GC heap after
{Heap after GC invocations=1 (full 0):
 garbage-first heap   total 260096K, used 2687K [0x0000000703a00000, 0x0000000800000000)
  region size 2048K, 2 young (4096K), 2 survivors (4096K)
 Metaspace       used 4645K, committed 4800K, reserved 1056768K
  class space    used 513K, committed 576K, reserved 1048576K
}
Event: 2.456 GC heap before
{Heap before GC invocations=1 (full 0):
 garbage-first heap   total 260096K, used 41599K [0x0000000703a00000, 0x0000000800000000)
  region size 2048K, 21 young (43008K), 2 survivors (4096K)
 Metaspace       used 13691K, committed 13824K, reserved 1064960K
  class space    used 2063K, committed 2112K, reserved 1048576K
}
Event: 2.467 GC heap after
{Heap after GC invocations=2 (full 0):
 garbage-first heap   total 260096K, used 6166K [0x0000000703a00000, 0x0000000800000000)
  region size 2048K, 3 young (6144K), 3 survivors (6144K)
 Metaspace       used 13691K, committed 13824K, reserved 1064960K
  class space    used 2063K, committed 2112K, reserved 1048576K
}

Deoptimization events (20 events):
Event: 4.993 Thread 0x00000224767388c0 DEOPT PACKING pc=0x0000022459e4e11c sp=0x000000bbbe4fcd60
Event: 4.993 Thread 0x00000224767388c0 DEOPT UNPACKING pc=0x00000224594f6763 sp=0x000000bbbe4fc1e8 mode 0
Event: 4.993 Thread 0x00000224767388c0 DEOPT PACKING pc=0x0000022459e4e11c sp=0x000000bbbe4fcd60
Event: 4.993 Thread 0x00000224767388c0 DEOPT UNPACKING pc=0x00000224594f6763 sp=0x000000bbbe4fc1e8 mode 0
Event: 4.994 Thread 0x00000224767388c0 DEOPT PACKING pc=0x0000022459e4e11c sp=0x000000bbbe4fcd60
Event: 4.994 Thread 0x00000224767388c0 DEOPT UNPACKING pc=0x00000224594f6763 sp=0x000000bbbe4fc1e8 mode 0
Event: 4.994 Thread 0x00000224767388c0 DEOPT PACKING pc=0x0000022459e4e11c sp=0x000000bbbe4fcd60
Event: 4.994 Thread 0x00000224767388c0 DEOPT UNPACKING pc=0x00000224594f6763 sp=0x000000bbbe4fc1e8 mode 0
Event: 4.995 Thread 0x00000224767388c0 DEOPT PACKING pc=0x0000022459e4e11c sp=0x000000bbbe4fcd60
Event: 4.995 Thread 0x00000224767388c0 DEOPT UNPACKING pc=0x00000224594f6763 sp=0x000000bbbe4fc1e8 mode 0
Event: 13.969 Thread 0x00000224777c42e0 DEOPT PACKING pc=0x0000022459c7a7d6 sp=0x000000bbbf2fd5b0
Event: 13.969 Thread 0x00000224777c42e0 DEOPT UNPACKING pc=0x00000224594f6763 sp=0x000000bbbf2fca50 mode 0
Event: 45.249 Thread 0x0000022476c1ff30 Uncommon trap: trap_request=0xffffffde fr.pc=0x0000022460fe8cf0 relative=0x0000000000001250
Event: 45.249 Thread 0x0000022476c1ff30 Uncommon trap: reason=class_check action=maybe_recompile pc=0x0000022460fe8cf0 method=java.util.concurrent.ConcurrentHashMap.putVal(Ljava/lang/Object;Ljava/lang/Object;Z)Ljava/lang/Object; @ 242 c2
Event: 45.249 Thread 0x0000022476c1ff30 DEOPT PACKING pc=0x0000022460fe8cf0 sp=0x000000bbbe9ff0e0
Event: 45.249 Thread 0x0000022476c1ff30 DEOPT UNPACKING pc=0x00000224594f5c23 sp=0x000000bbbe9ff060 mode 2
Event: 45.259 Thread 0x00000224767388c0 Uncommon trap: trap_request=0xffffffde fr.pc=0x0000022460fe8cf0 relative=0x0000000000001250
Event: 45.259 Thread 0x00000224767388c0 Uncommon trap: reason=class_check action=maybe_recompile pc=0x0000022460fe8cf0 method=java.util.concurrent.ConcurrentHashMap.putVal(Ljava/lang/Object;Ljava/lang/Object;Z)Ljava/lang/Object; @ 242 c2
Event: 45.259 Thread 0x00000224767388c0 DEOPT PACKING pc=0x0000022460fe8cf0 sp=0x000000bbbe4ff130
Event: 45.259 Thread 0x00000224767388c0 DEOPT UNPACKING pc=0x00000224594f5c23 sp=0x000000bbbe4ff0b0 mode 2

Classes unloaded (0 events):
No events

Classes redefined (0 events):
No events

Internal exceptions (20 events):
Event: 1.706 Thread 0x0000022476a08d40 Exception <a 'java/lang/NoSuchMethodError'{0x000000071269fab0}: 'void java.lang.invoke.DirectMethodHandle$Holder.invokeStaticInit(java.lang.Object, java.lang.Object)'> (0x000000071269fab0) 
thrown [t:\workspace\open\src\hotspot\share\interpreter\linkResolver.cpp, line 766]
Event: 1.712 Thread 0x0000022476a08d40 Exception <a 'java/lang/NoSuchMethodError'{0x00000007126ddb40}: 'void java.lang.invoke.DirectMethodHandle$Holder.invokeSpecial(java.lang.Object, java.lang.Object, java.lang.Object, java.lang.Object, java.lang.Object)'> (0x00000007126ddb40) 
thrown [t:\workspace\open\src\hotspot\share\interpreter\linkResolver.cpp, line 766]
Event: 1.864 Thread 0x0000022476a08d40 Exception <a 'sun/nio/fs/WindowsException'{0x00000007123263c8}> (0x00000007123263c8) 
thrown [t:\workspace\open\src\hotspot\share\prims\jni.cpp, line 516]
Event: 1.895 Thread 0x0000022476a08d40 Implicit null exception at 0x0000022460f8fa58 to 0x0000022460f8faee
Event: 1.918 Thread 0x0000022476a08d40 Implicit null exception at 0x0000022460fd5696 to 0x0000022460fd5c7c
Event: 1.921 Thread 0x0000022476a08d40 Implicit null exception at 0x0000022460fd1699 to 0x0000022460fd1c20
Event: 1.921 Thread 0x0000022476a08d40 Implicit null exception at 0x0000022460f8f38f to 0x0000022460f8f40d
Event: 2.149 Thread 0x0000022476a08d40 Exception <a 'java/lang/NoSuchMethodError'{0x0000000711744000}: 'java.lang.Object java.lang.invoke.DirectMethodHandle$Holder.invokeInterface(java.lang.Object, java.lang.Object, java.lang.Object)'> (0x0000000711744000) 
thrown [t:\workspace\open\src\hotspot\share\interpreter\linkResolver.cpp, line 766]
Event: 2.149 Thread 0x0000022476a08d40 Exception <a 'java/lang/IncompatibleClassChangeError'{0x0000000711747988}: Found class java.lang.Object, but interface was expected> (0x0000000711747988) 
thrown [t:\workspace\open\src\hotspot\share\interpreter\linkResolver.cpp, line 833]
Event: 2.206 Thread 0x0000022476a08d40 Exception <a 'java/lang/ClassNotFoundException'{0x000000071155efe0}: com/sun/javafx/scene/control/skin/resources/controls> (0x000000071155efe0) 
thrown [t:\workspace\open\src\hotspot\share\prims\jni.cpp, line 535]
Event: 2.207 Thread 0x0000022476a08d40 Exception <a 'java/lang/ClassNotFoundException'{0x000000071156cf80}: com/sun/javafx/scene/control/skin/resources/controls_ru> (0x000000071156cf80) 
thrown [t:\workspace\open\src\hotspot\share\prims\jni.cpp, line 535]
Event: 2.208 Thread 0x0000022476a08d40 Exception <a 'java/lang/ClassNotFoundException'{0x000000071156df18}: com/sun/javafx/scene/control/skin/resources/controls_ru_RU> (0x000000071156df18) 
thrown [t:\workspace\open\src\hotspot\share\prims\jni.cpp, line 535]
Event: 2.283 Thread 0x0000022476a08d40 Exception <a 'java/lang/NoSuchMethodError'{0x00000007113a5a98}: 'void java.lang.invoke.DirectMethodHandle$Holder.invokeSpecial(java.lang.Object, java.lang.Object, java.lang.Object, java.lang.Object, java.lang.Object, java.lang.Object)'> (0x00000007113a5a98) 
thrown [t:\workspace\open\src\hotspot\share\interpreter\linkResolver.cpp, line 766]
Event: 2.717 Thread 0x0000022476a08d40 Exception <a 'java/lang/NoSuchMethodError'{0x00000007133af108}: 'void java.lang.invoke.DirectMethodHandle$Holder.invokeSpecial(java.lang.Object, java.lang.Object, int, int)'> (0x00000007133af108) 
thrown [t:\workspace\open\src\hotspot\share\interpreter\linkResolver.cpp, line 766]
Event: 2.718 Thread 0x0000022476a08d40 Exception <a 'java/lang/NoSuchMethodError'{0x00000007133b5b68}: 'java.lang.Object java.lang.invoke.DirectMethodHandle$Holder.newInvokeSpecial(java.lang.Object, java.lang.Object, int, int)'> (0x00000007133b5b68) 
thrown [t:\workspace\open\src\hotspot\share\interpreter\linkResolver.cpp, line 766]
Event: 2.728 Thread 0x0000022476a08d40 Exception <a 'java/lang/NoSuchMethodError'{0x00000007133d1b48}: 'java.lang.Object java.lang.invoke.DirectMethodHandle$Holder.newInvokeSpecial(java.lang.Object, java.lang.Object, int)'> (0x00000007133d1b48) 
thrown [t:\workspace\open\src\hotspot\share\interpreter\linkResolver.cpp, line 766]
Event: 3.853 Thread 0x0000022476a08d40 Exception <a 'java/lang/NoSuchMethodError'{0x00000007131ecf90}: 'java.lang.Object java.lang.invoke.DirectMethodHandle$Holder.newInvokeSpecial(java.lang.Object, java.lang.Object, java.lang.Object, double, double, double, double, int, int, int, int, int, int, int, int, int)'> (0x00000007131ecf90) 
thrown [t:\workspace\open\src\hotspot\share\interpreter\linkResolver.cpp, line 766]
Event: 3.872 Thread 0x00000224767388c0 Exception <a 'java/lang/NoSuchMethodError'{0x0000000712e27cd0}: 'int java.lang.invoke.DirectMethodHandle$Holder.invokeStaticInit(java.lang.Object, java.lang.Object)'> (0x0000000712e27cd0) 
thrown [t:\workspace\open\src\hotspot\share\interpreter\linkResolver.cpp, line 766]
Event: 4.519 Thread 0x00000224767388c0 Exception <a 'java/lang/NoSuchMethodError'{0x0000000712810ae0}: 'java.lang.Object java.lang.invoke.DirectMethodHandle$Holder.invokeStaticInit(java.lang.Object, int)'> (0x0000000712810ae0) 
thrown [t:\workspace\open\src\hotspot\share\interpreter\linkResolver.cpp, line 766]
Event: 64.432 Thread 0x00000224777c42e0 Exception <a 'java/lang/ArrayIndexOutOfBoundsException'{0x0000000712619ab8}: Array region 0..44 out of bounds for length 22> (0x0000000712619ab8) 
thrown [t:\workspace\open\src\hotspot\share\prims\jni.cpp, line 2524]

VM Operations (20 events):
Event: 60.141 Executing VM operation: get/set locals
Event: 60.142 Executing VM operation: get/set locals done
Event: 60.181 Executing VM operation: get/set locals
Event: 60.181 Executing VM operation: get/set locals done
Event: 64.423 Executing VM operation: ChangeBreakpoints
Event: 64.423 Executing VM operation: ChangeBreakpoints done
Event: 64.423 Executing VM operation: ChangeBreakpoints
Event: 64.424 Executing VM operation: ChangeBreakpoints done
Event: 64.425 Executing VM operation: ChangeBreakpoints
Event: 64.425 Executing VM operation: ChangeBreakpoints done
Event: 64.425 Executing VM operation: ChangeBreakpoints
Event: 64.426 Executing VM operation: ChangeBreakpoints done
Event: 64.426 Executing VM operation: ChangeBreakpoints
Event: 64.426 Executing VM operation: ChangeBreakpoints done
Event: 64.426 Executing VM operation: ChangeBreakpoints
Event: 64.427 Executing VM operation: ChangeBreakpoints done
Event: 64.430 Executing VM operation: ChangeSingleStep
Event: 64.430 Executing VM operation: ChangeSingleStep done
Event: 64.432 Executing VM operation: ChangeSingleStep
Event: 64.432 Executing VM operation: ChangeSingleStep done

Events (20 events):
Event: 4.389 loading class com/sun/scenario/effect/FilterContext
Event: 4.389 loading class com/sun/scenario/effect/FilterContext done
Event: 4.389 loading class com/sun/scenario/effect/FilterContext
Event: 4.389 loading class com/sun/scenario/effect/FilterContext done
Event: 4.389 loading class com/sun/scenario/effect/impl/Renderer
Event: 4.390 loading class com/sun/scenario/effect/impl/Renderer done
Event: 4.758 Thread 0x0000022476ffc500 Thread added: 0x0000022476ffc500
Event: 6.889 Thread 0x0000022476ffc500 Thread exited: 0x0000022476ffc500
Event: 13.968 loading class com/intellij/rt/debugger/BatchEvaluatorServer
Event: 13.968 loading class com/intellij/rt/debugger/BatchEvaluatorServer done
Event: 14.203 loading class java/io/DataOutputStream
Event: 14.203 loading class java/io/DataOutputStream done
Event: 45.233 loading class app/lab01/controllers/PortController$1
Event: 45.233 loading class app/lab01/controllers/PortController$1 done
Event: 45.238 loading class app/lab01/controllers/PortController$1
Event: 45.238 loading class app/lab01/controllers/PortController$1 done
Event: 64.433 loading class java/lang/Throwable$WrappedPrintStream
Event: 64.436 loading class java/lang/Throwable$PrintStreamOrWriter
Event: 64.436 loading class java/lang/Throwable$PrintStreamOrWriter done
Event: 64.436 loading class java/lang/Throwable$WrappedPrintStream done


Dynamic libraries:
0x00007ff6b7a50000 - 0x00007ff6b7a60000 	C:\Program Files\Java\jdk-17\bin\java.exe
0x00007ff9b9730000 - 0x00007ff9b9947000 	C:\WINDOWS\SYSTEM32\ntdll.dll
0x00007ff9a3af0000 - 0x00007ff9a3b09000 	C:\Program Files\Avast Software\Avast\aswhook.dll
0x00007ff9b8ba0000 - 0x00007ff9b8c64000 	C:\WINDOWS\System32\KERNEL32.DLL
0x00007ff9b6bc0000 - 0x00007ff9b6f65000 	C:\WINDOWS\System32\KERNELBASE.dll
0x00007ff9b70c0000 - 0x00007ff9b71d1000 	C:\WINDOWS\System32\ucrtbase.dll
0x00007ff9acc50000 - 0x00007ff9acc6a000 	C:\Program Files\Java\jdk-17\bin\VCRUNTIME140.dll
0x00007ff9acc70000 - 0x00007ff9acc88000 	C:\Program Files\Java\jdk-17\bin\jli.dll
0x00007ff9b8000000 - 0x00007ff9b80b1000 	C:\WINDOWS\System32\ADVAPI32.dll
0x00007ff9b94a0000 - 0x00007ff9b9547000 	C:\WINDOWS\System32\msvcrt.dll
0x00007ff9b7630000 - 0x00007ff9b76d6000 	C:\WINDOWS\System32\sechost.dll
0x00007ff9b7ee0000 - 0x00007ff9b7ff7000 	C:\WINDOWS\System32\RPCRT4.dll
0x00007ff9b8da0000 - 0x00007ff9b8f4e000 	C:\WINDOWS\System32\USER32.dll
0x00007ff9b7010000 - 0x00007ff9b7036000 	C:\WINDOWS\System32\win32u.dll
0x00007ff998120000 - 0x00007ff9983b3000 	C:\WINDOWS\WinSxS\amd64_microsoft.windows.common-controls_6595b64144ccf1df_6.0.22621.2506_none_270c5ae97388e100\COMCTL32.dll
0x00007ff9b7eb0000 - 0x00007ff9b7ed9000 	C:\WINDOWS\System32\GDI32.dll
0x00007ff9b6aa0000 - 0x00007ff9b6bb9000 	C:\WINDOWS\System32\gdi32full.dll
0x00007ff9b6f70000 - 0x00007ff9b700a000 	C:\WINDOWS\System32\msvcp_win.dll
0x00007ff9ae730000 - 0x00007ff9ae73a000 	C:\WINDOWS\SYSTEM32\VERSION.dll
0x00007ff9b7e70000 - 0x00007ff9b7ea1000 	C:\WINDOWS\System32\IMM32.DLL
0x00007ff9ae7b0000 - 0x00007ff9ae7bc000 	C:\Program Files\Java\jdk-17\bin\vcruntime140_1.dll
0x00007ff9acbc0000 - 0x00007ff9acc4d000 	C:\Program Files\Java\jdk-17\bin\msvcp140.dll
0x00007ff9237e0000 - 0x00007ff92439e000 	C:\Program Files\Java\jdk-17\bin\server\jvm.dll
0x00007ff9b89d0000 - 0x00007ff9b89d8000 	C:\WINDOWS\System32\PSAPI.DLL
0x00007ff9ae930000 - 0x00007ff9ae964000 	C:\WINDOWS\SYSTEM32\WINMM.dll
0x00007ff996060000 - 0x00007ff996069000 	C:\WINDOWS\SYSTEM32\WSOCK32.dll
0x00007ff9b9670000 - 0x00007ff9b96e1000 	C:\WINDOWS\System32\WS2_32.dll
0x00007ff9b5a40000 - 0x00007ff9b5a58000 	C:\WINDOWS\SYSTEM32\kernel.appcore.dll
0x00007ff9acbb0000 - 0x00007ff9acbba000 	C:\Program Files\Java\jdk-17\bin\jimage.dll
0x00007ff9b43e0000 - 0x00007ff9b4613000 	C:\WINDOWS\SYSTEM32\DBGHELP.DLL
0x00007ff9b9110000 - 0x00007ff9b9499000 	C:\WINDOWS\System32\combase.dll
0x00007ff9b7770000 - 0x00007ff9b7847000 	C:\WINDOWS\System32\OLEAUT32.dll
0x00007ff9af4a0000 - 0x00007ff9af4d2000 	C:\WINDOWS\SYSTEM32\dbgcore.DLL
0x00007ff9b7040000 - 0x00007ff9b70ba000 	C:\WINDOWS\System32\bcryptPrimitives.dll
0x00007ff997b50000 - 0x00007ff997b8b000 	C:\Program Files\Java\jdk-17\bin\jdwp.dll
0x00007ff9af510000 - 0x00007ff9af51e000 	C:\Program Files\Java\jdk-17\bin\instrument.dll
0x00007ff9acb80000 - 0x00007ff9acba5000 	C:\Program Files\Java\jdk-17\bin\java.dll
0x00007ff95b0f0000 - 0x00007ff95b108000 	C:\Program Files\Java\jdk-17\bin\zip.dll
0x00007ff917bd0000 - 0x00007ff917ca6000 	C:\Program Files\Java\jdk-17\bin\svml.dll
0x00007ff9b8120000 - 0x00007ff9b8979000 	C:\WINDOWS\System32\SHELL32.dll
0x00007ff9b49c0000 - 0x00007ff9b52b4000 	C:\WINDOWS\SYSTEM32\windows.storage.dll
0x00007ff9b4880000 - 0x00007ff9b49be000 	C:\WINDOWS\SYSTEM32\wintypes.dll
0x00007ff9b7480000 - 0x00007ff9b7573000 	C:\WINDOWS\System32\SHCORE.dll
0x00007ff9b8b40000 - 0x00007ff9b8b9e000 	C:\WINDOWS\System32\shlwapi.dll
0x00007ff9b69d0000 - 0x00007ff9b69f6000 	C:\WINDOWS\SYSTEM32\profapi.dll
0x00007ff9aa380000 - 0x00007ff9aa399000 	C:\Program Files\Java\jdk-17\bin\net.dll
0x00007ff9acff0000 - 0x00007ff9ad127000 	C:\WINDOWS\SYSTEM32\WINHTTP.dll
0x00007ff9b5f20000 - 0x00007ff9b5f89000 	C:\WINDOWS\system32\mswsock.dll
0x00007ff95b110000 - 0x00007ff95b125000 	C:\Program Files\Java\jdk-17\bin\nio.dll
0x00007ff9af500000 - 0x00007ff9af50c000 	C:\Program Files\Java\jdk-17\bin\dt_socket.dll
0x00007ff9b5520000 - 0x00007ff9b554d000 	C:\WINDOWS\SYSTEM32\IPHLPAPI.DLL
0x0000022475180000 - 0x0000022475183000 	C:\Users\user\.openjfx\cache\19.0.2.1+1\amd64\api-ms-win-core-console-l1-1-0.dll
0x0000022475190000 - 0x0000022475193000 	C:\Users\user\.openjfx\cache\19.0.2.1+1\amd64\api-ms-win-core-console-l1-2-0.dll
0x00000224751a0000 - 0x00000224751a3000 	C:\Users\user\.openjfx\cache\19.0.2.1+1\amd64\api-ms-win-core-datetime-l1-1-0.dll
0x00000224751b0000 - 0x00000224751b3000 	C:\Users\user\.openjfx\cache\19.0.2.1+1\amd64\api-ms-win-core-debug-l1-1-0.dll
0x00000224751c0000 - 0x00000224751c3000 	C:\Users\user\.openjfx\cache\19.0.2.1+1\amd64\api-ms-win-core-errorhandling-l1-1-0.dll
0x00000224751d0000 - 0x00000224751d4000 	C:\Users\user\.openjfx\cache\19.0.2.1+1\amd64\api-ms-win-core-file-l1-1-0.dll
0x00000224751e0000 - 0x00000224751e3000 	C:\Users\user\.openjfx\cache\19.0.2.1+1\amd64\api-ms-win-core-file-l1-2-0.dll
0x00000224751f0000 - 0x00000224751f3000 	C:\Users\user\.openjfx\cache\19.0.2.1+1\amd64\api-ms-win-core-file-l2-1-0.dll
0x0000022475200000 - 0x0000022475203000 	C:\Users\user\.openjfx\cache\19.0.2.1+1\amd64\api-ms-win-core-handle-l1-1-0.dll
0x0000022475210000 - 0x0000022475213000 	C:\Users\user\.openjfx\cache\19.0.2.1+1\amd64\api-ms-win-core-heap-l1-1-0.dll
0x0000022475220000 - 0x0000022475223000 	C:\Users\user\.openjfx\cache\19.0.2.1+1\amd64\api-ms-win-core-interlocked-l1-1-0.dll
0x0000022475230000 - 0x0000022475233000 	C:\Users\user\.openjfx\cache\19.0.2.1+1\amd64\api-ms-win-core-libraryloader-l1-1-0.dll
0x0000022475240000 - 0x0000022475243000 	C:\Users\user\.openjfx\cache\19.0.2.1+1\amd64\api-ms-win-core-localization-l1-2-0.dll
0x0000022475250000 - 0x0000022475253000 	C:\Users\user\.openjfx\cache\19.0.2.1+1\amd64\api-ms-win-core-memory-l1-1-0.dll
0x0000022475260000 - 0x0000022475263000 	C:\Users\user\.openjfx\cache\19.0.2.1+1\amd64\api-ms-win-core-namedpipe-l1-1-0.dll
0x0000022475270000 - 0x0000022475273000 	C:\Users\user\.openjfx\cache\19.0.2.1+1\amd64\api-ms-win-core-processenvironment-l1-1-0.dll
0x0000022475280000 - 0x0000022475283000 	C:\Users\user\.openjfx\cache\19.0.2.1+1\amd64\api-ms-win-core-processthreads-l1-1-0.dll
0x0000022475290000 - 0x0000022475293000 	C:\Users\user\.openjfx\cache\19.0.2.1+1\amd64\api-ms-win-core-processthreads-l1-1-1.dll
0x00000224752a0000 - 0x00000224752a3000 	C:\Users\user\.openjfx\cache\19.0.2.1+1\amd64\api-ms-win-core-profile-l1-1-0.dll
0x00000224752b0000 - 0x00000224752b3000 	C:\Users\user\.openjfx\cache\19.0.2.1+1\amd64\api-ms-win-core-rtlsupport-l1-1-0.dll
0x00000224752c0000 - 0x00000224752c3000 	C:\Users\user\.openjfx\cache\19.0.2.1+1\amd64\api-ms-win-core-string-l1-1-0.dll
0x00000224752d0000 - 0x00000224752d3000 	C:\Users\user\.openjfx\cache\19.0.2.1+1\amd64\api-ms-win-core-synch-l1-1-0.dll
0x00000224752e0000 - 0x00000224752e3000 	C:\Users\user\.openjfx\cache\19.0.2.1+1\amd64\api-ms-win-core-synch-l1-2-0.dll
0x00000224752f0000 - 0x00000224752f3000 	C:\Users\user\.openjfx\cache\19.0.2.1+1\amd64\api-ms-win-core-sysinfo-l1-1-0.dll
0x0000022475300000 - 0x0000022475303000 	C:\Users\user\.openjfx\cache\19.0.2.1+1\amd64\api-ms-win-core-timezone-l1-1-0.dll
0x0000022475310000 - 0x0000022475313000 	C:\Users\user\.openjfx\cache\19.0.2.1+1\amd64\api-ms-win-core-util-l1-1-0.dll
0x0000022475320000 - 0x0000022475323000 	C:\Users\user\.openjfx\cache\19.0.2.1+1\amd64\api-ms-win-crt-conio-l1-1-0.dll
0x0000022475330000 - 0x0000022475334000 	C:\Users\user\.openjfx\cache\19.0.2.1+1\amd64\api-ms-win-crt-convert-l1-1-0.dll
0x0000022475340000 - 0x0000022475343000 	C:\Users\user\.openjfx\cache\19.0.2.1+1\amd64\api-ms-win-crt-environment-l1-1-0.dll
0x0000022475350000 - 0x0000022475353000 	C:\Users\user\.openjfx\cache\19.0.2.1+1\amd64\api-ms-win-crt-filesystem-l1-1-0.dll
0x0000022475360000 - 0x0000022475363000 	C:\Users\user\.openjfx\cache\19.0.2.1+1\amd64\api-ms-win-crt-heap-l1-1-0.dll
0x0000022475370000 - 0x0000022475373000 	C:\Users\user\.openjfx\cache\19.0.2.1+1\amd64\api-ms-win-crt-locale-l1-1-0.dll
0x0000022475380000 - 0x0000022475385000 	C:\Users\user\.openjfx\cache\19.0.2.1+1\amd64\api-ms-win-crt-math-l1-1-0.dll
0x0000022475390000 - 0x0000022475395000 	C:\Users\user\.openjfx\cache\19.0.2.1+1\amd64\api-ms-win-crt-multibyte-l1-1-0.dll
0x00000224753a0000 - 0x00000224753b0000 	C:\Users\user\.openjfx\cache\19.0.2.1+1\amd64\api-ms-win-crt-private-l1-1-0.dll
0x00000224753b0000 - 0x00000224753b3000 	C:\Users\user\.openjfx\cache\19.0.2.1+1\amd64\api-ms-win-crt-process-l1-1-0.dll
0x00000224753c0000 - 0x00000224753c4000 	C:\Users\user\.openjfx\cache\19.0.2.1+1\amd64\api-ms-win-crt-runtime-l1-1-0.dll
0x00000224753d0000 - 0x00000224753d4000 	C:\Users\user\.openjfx\cache\19.0.2.1+1\amd64\api-ms-win-crt-stdio-l1-1-0.dll
0x00000224753e0000 - 0x00000224753e4000 	C:\Users\user\.openjfx\cache\19.0.2.1+1\amd64\api-ms-win-crt-string-l1-1-0.dll
0x00000224753f0000 - 0x00000224753f3000 	C:\Users\user\.openjfx\cache\19.0.2.1+1\amd64\api-ms-win-crt-time-l1-1-0.dll
0x00000224777d0000 - 0x00000224777d3000 	C:\Users\user\.openjfx\cache\19.0.2.1+1\amd64\api-ms-win-crt-utility-l1-1-0.dll
0x00007ff997430000 - 0x00007ff99752c000 	C:\Users\user\.openjfx\cache\19.0.2.1+1\amd64\ucrtbase.dll
0x00007ff9983e0000 - 0x00007ff9983fb000 	C:\Users\user\.openjfx\cache\19.0.2.1+1\amd64\vcruntime140.dll
0x00007ff997c60000 - 0x00007ff997c6c000 	C:\Users\user\.openjfx\cache\19.0.2.1+1\amd64\vcruntime140_1.dll
0x00007ff9973a0000 - 0x00007ff99742e000 	C:\Users\user\.openjfx\cache\19.0.2.1+1\amd64\msvcp140.dll
0x00007ff997c50000 - 0x00007ff997c59000 	C:\Users\user\.openjfx\cache\19.0.2.1+1\amd64\msvcp140_1.dll
0x00007ff997bf0000 - 0x00007ff997c20000 	C:\Users\user\.openjfx\cache\19.0.2.1+1\amd64\msvcp140_2.dll
0x00007ff997b20000 - 0x00007ff997b4c000 	C:\Users\user\.openjfx\cache\19.0.2.1+1\amd64\prism_d3d.dll
0x00007ff95bcf0000 - 0x00007ff95be99000 	C:\WINDOWS\system32\d3d9.dll
0x00007ff9b3c30000 - 0x00007ff9b3c5b000 	C:\WINDOWS\SYSTEM32\dwmapi.dll
0x00007ff9b3ae0000 - 0x00007ff9b3b16000 	C:\WINDOWS\SYSTEM32\dxcore.dll
0x00007ff9b39e0000 - 0x00007ff9b3a8b000 	C:\WINDOWS\system32\uxtheme.dll
0x00007ff917890000 - 0x00007ff917ac8000 	C:\WINDOWS\System32\DriverStore\FileRepository\iigd_dch.inf_amd64_0fdf6ce291234272\igdumdim64.dll
0x00007ff9b7850000 - 0x00007ff9b79f0000 	C:\WINDOWS\System32\ole32.dll
0x00007ff916520000 - 0x00007ff917890000 	C:\WINDOWS\System32\DriverStore\FileRepository\iigd_dch.inf_amd64_0fdf6ce291234272\igd9dxva64.dll
0x00007ff9b79f0000 - 0x00007ff9b7e64000 	C:\WINDOWS\System32\SETUPAPI.dll
0x00007ff9b66a0000 - 0x00007ff9b66ee000 	C:\WINDOWS\SYSTEM32\cfgmgr32.dll
0x00007ff9323d0000 - 0x00007ff9340f1000 	C:\WINDOWS\System32\DriverStore\FileRepository\iigd_dch.inf_amd64_0fdf6ce291234272\media_bin_64.dll
0x00007ff99df10000 - 0x00007ff99e348000 	C:\WINDOWS\System32\DriverStore\FileRepository\iigd_dch.inf_amd64_0fdf6ce291234272\igdgmm64.dll
0x00007ff9a56f0000 - 0x00007ff9a573a000 	C:\WINDOWS\SYSTEM32\directxdatabasehelper.dll
0x00007ff997350000 - 0x00007ff997392000 	C:\Users\user\.openjfx\cache\19.0.2.1+1\amd64\glass.dll
0x00007ff9b8ca0000 - 0x00007ff9b8d99000 	C:\WINDOWS\System32\COMDLG32.dll
0x00007ff9b89e0000 - 0x00007ff9b8b2f000 	C:\WINDOWS\System32\MSCTF.dll
0x00007ff997e10000 - 0x00007ff997e37000 	C:\WINDOWS\System32\DriverStore\FileRepository\iigd_dch.inf_amd64_0fdf6ce291234272\igdinfo64.dll
0x00007ff99a060000 - 0x00007ff99df0d000 	C:\WINDOWS\System32\DriverStore\FileRepository\iigd_dch.inf_amd64_0fdf6ce291234272\igc64.dll
0x00007ff997580000 - 0x00007ff997594000 	C:\Users\user\.openjfx\cache\19.0.2.1+1\amd64\javafx_font.dll
0x00007ff997310000 - 0x00007ff997344000 	C:\Users\user\AppData\Local\Temp\jSerialComm\2.9.3\jSerialComm.dll
0x00007ff9b6670000 - 0x00007ff9b669c000 	C:\WINDOWS\SYSTEM32\DEVOBJ.dll
0x00007ff9b71e0000 - 0x00007ff9b724c000 	C:\WINDOWS\System32\WINTRUST.dll
0x00007ff9b7310000 - 0x00007ff9b7476000 	C:\WINDOWS\System32\CRYPT32.dll
0x00007ff9b6650000 - 0x00007ff9b6662000 	C:\WINDOWS\SYSTEM32\MSASN1.dll
0x00007ff9b04e0000 - 0x00007ff9b0753000 	C:\WINDOWS\SYSTEM32\dwrite.dll
0x00007ff9b7580000 - 0x00007ff9b7630000 	C:\WINDOWS\System32\clbcatq.dll
0x00007ff9b0760000 - 0x00007ff9b0910000 	C:\WINDOWS\SYSTEM32\WindowsCodecs.dll
0x00007ff977130000 - 0x00007ff97718e000 	C:\WINDOWS\system32\dataexchange.dll
0x00007ff9a08f0000 - 0x00007ff9a0b75000 	C:\WINDOWS\system32\twinapi.appcore.dll
0x00007ff9972d0000 - 0x00007ff997302000 	C:\Program Files\Common Files\Microsoft Shared\Ink\rtscom.dll

dbghelp: loaded successfully - version: 4.0.5 - missing functions: none
symbol engine: initialized successfully - sym options: 0x614 - pdb path: .;C:\Program Files\Java\jdk-17\bin;C:\WINDOWS\SYSTEM32;C:\Program Files\Avast Software\Avast;C:\WINDOWS\WinSxS\amd64_microsoft.windows.common-controls_6595b64144ccf1df_6.0.22621.2506_none_270c5ae97388e100;C:\Program Files\Java\jdk-17\bin\server;C:\Users\user\.openjfx\cache\19.0.2.1+1\amd64;C:\WINDOWS\System32\DriverStore\FileRepository\iigd_dch.inf_amd64_0fdf6ce291234272;C:\Users\user\AppData\Local\Temp\jSerialComm\2.9.3;C:\Program Files\Common Files\Microsoft Shared\Ink

VM Arguments:
jvm_args: -agentlib:jdwp=transport=dt_socket,address=127.0.0.1:55277,suspend=y,server=n -javaagent:C:\Users\user\AppData\Local\JetBrains\Toolbox\apps\IDEA-C\ch-0\223.8617.56\plugins\java\lib\rt\debugger-agent.jar -Dfile.encoding=UTF-8 --module-path=C:\Users\user\.m2\repository\org\openjfx\javafx-controls\19.0.2.1\javafx-controls-19.0.2.1-win.jar;D:\Unik\OKC\lab04\lab_4\target\classes;C:\Users\user\.m2\repository\org\openjfx\javafx-graphics\19.0.2.1\javafx-graphics-19.0.2.1-win.jar;C:\Users\user\.m2\repository\org\openjfx\javafx-fxml\19.0.2.1\javafx-fxml-19.0.2.1-win.jar;C:\Users\user\.m2\repository\com\fazecast\jSerialComm\2.9.3\jSerialComm-2.9.3.jar;C:\Users\user\.m2\repository\org\openjfx\javafx-base\19.0.2.1\javafx-base-19.0.2.1-win.jar -Djdk.module.main=app.lab01 
java_command: app.lab01/app.lab01.Main
java_class_path (initial): C:\Users\user\.m2\repository\org\openjfx\javafx-controls\19.0.2.1\javafx-controls-19.0.2.1.jar;C:\Users\user\.m2\repository\org\openjfx\javafx-graphics\19.0.2.1\javafx-graphics-19.0.2.1.jar;C:\Users\user\.m2\repository\org\openjfx\javafx-base\19.0.2.1\javafx-base-19.0.2.1.jar;C:\Users\user\.m2\repository\org\openjfx\javafx-fxml\19.0.2.1\javafx-fxml-19.0.2.1.jar;C:\Users\user\AppData\Local\JetBrains\Toolbox\apps\IDEA-C\ch-0\223.8617.56\lib\idea_rt.jar
Launcher Type: SUN_STANDARD

[Global flags]
     intx CICompilerCount                          = 4                                         {product} {ergonomic}
     uint ConcGCThreads                            = 2                                         {product} {ergonomic}
     uint G1ConcRefinementThreads                  = 8                                         {product} {ergonomic}
   size_t G1HeapRegionSize                         = 2097152                                   {product} {ergonomic}
    uintx GCDrainStackTargetSize                   = 64                                        {product} {ergonomic}
   size_t InitialHeapSize                          = 266338304                                 {product} {ergonomic}
   size_t MarkStackSize                            = 4194304                                   {product} {ergonomic}
   size_t MaxHeapSize                              = 4234149888                                {product} {ergonomic}
   size_t MaxNewSize                               = 2539651072                                {product} {ergonomic}
   size_t MinHeapDeltaBytes                        = 2097152                                   {product} {ergonomic}
   size_t MinHeapSize                              = 8388608                                   {product} {ergonomic}
    uintx NonNMethodCodeHeapSize                   = 5839372                                {pd product} {ergonomic}
    uintx NonProfiledCodeHeapSize                  = 122909434                              {pd product} {ergonomic}
    uintx ProfiledCodeHeapSize                     = 122909434                              {pd product} {ergonomic}
    uintx ReservedCodeCacheSize                    = 251658240                              {pd product} {ergonomic}
     bool SegmentedCodeCache                       = true                                      {product} {ergonomic}
   size_t SoftMaxHeapSize                          = 4234149888                             {manageable} {ergonomic}
     bool UseCompressedClassPointers               = true                           {product lp64_product} {ergonomic}
     bool UseCompressedOops                        = true                           {product lp64_product} {ergonomic}
     bool UseG1GC                                  = true                                      {product} {ergonomic}
     bool UseLargePagesIndividualAllocation        = false                                  {pd product} {ergonomic}

Logging:
Log output configuration:
 #0: stdout all=warning uptime,level,tags
 #1: stderr all=off uptime,level,tags

Environment Variables:
JAVA_HOME=C:\Program Files\Java\jdk-17
PATH=C:\Program Files\Common Files\Oracle\Java\javapath;C:\Program Files (x86)\Common Files\Oracle\Java\javapath;C:\WINDOWS\system32;C:\WINDOWS;C:\WINDOWS\System32\Wbem;C:\WINDOWS\System32\WindowsPowerShell\v1.0\;C:\WINDOWS\System32\OpenSSH\;C:\Program Files\Microsoft SQL Server\110\Tools\Binn\;C:\Program Files\Microsoft SQL Server\120\Tools\Binn\;C:\Program Files\dotnet\;D:\Program Files\Git\cmd;C:\Program Files\Java\jdk-17\bin;C:\Program Files\apache-maven-3.9.0\bin;;C:\WINDOWS\system32;C:\WINDOWS;C:\WINDOWS\System32\Wbem;C:\WINDOWS\System32\WindowsPowerShell\v1.0\;C:\WINDOWS\System32\OpenSSH\;d:\games\quartus\bin;C:\Program Files\MySQL\MySQL Shell 8.0\bin\;C:\Users\user\AppData\Local\Microsoft\WindowsApps;D:\\Microsoft VS Code\bin;C:\Users\user\.dotnet\tools;C:\Users\user\AppData\Local\JetBrains\Toolbox\scripts;C:\Users\user\.dotnet\tools;C:\Users\user\AppData\Local\GitHubDesktop\bin;C:\Users\user\AppData\Local\Microsoft\WindowsApps;;C:\Users\user\AppData\Local\Coursier\data\bin
USERNAME=user
OS=Windows_NT
PROCESSOR_IDENTIFIER=Intel64 Family 6 Model 140 Stepping 1, GenuineIntel



---------------  S Y S T E M  ---------------

OS:
 Windows 10 , 64 bit Build 22621 (10.0.22621.2506)
OS uptime: 0 days 0:08 hours

CPU: total 8 (initial active 8) (4 cores per cpu, 2 threads per core) family 6 model 140 stepping 1 microcode 0xac, cx8, cmov, fxsr, ht, mmx, 3dnowpref, sse, sse2, sse3, ssse3, sse4.1, sse4.2, popcnt, lzcnt, tsc, tscinvbit, avx, avx2, aes, erms, clmul, bmi1, bmi2, adx, avx512f, avx512dq, avx512cd, avx512bw, avx512vl, sha, fma, vzeroupper, avx512_vpopcntdq, avx512_vpclmulqdq, avx512_vaes, avx512_vnni, clflush, clflushopt, clwb, avx512_vbmi2, avx512_vbmi

Memory: 4k page, system-wide physical 16149M (7038M free)
TotalPageFile size 18453M (AvailPageFile size 7172M)
current process WorkingSet (physical memory assigned to process): 170M, peak: 217M
current process commit charge ("private bytes"): 425M, peak: 472M

vm_info: Java HotSpot(TM) 64-Bit Server VM (17+35-LTS-2724) for windows-amd64 JRE (17+35-LTS-2724), built on Aug  5 2021 23:28:28 by "mach5one" with MS VC++ 16.8 (VS2019)

END.
