#
# A fatal error has been detected by the Java Runtime Environment:
#
#  EXCEPTION_ACCESS_VIOLATION (0xc0000005) at pc=0x00007ffecd24262f, pid=8840, tid=27052
#
# JRE version: Java(TM) SE Runtime Environment (17.0+35) (build 17+35-LTS-2724)
# Java VM: Java HotSpot(TM) 64-Bit Server VM (17+35-LTS-2724, mixed mode, sharing, tiered, compressed oops, compressed class ptrs, g1 gc, windows-amd64)
# Problematic frame:
# V  [jvm.dll+0x3d262f]
#
# No core dump will be written. Minidumps are not enabled by default on client versions of Windows
#
# If you would like to submit a bug report, please visit:
#   https://bugreport.java.com/bugreport/crash.jsp
#

---------------  S U M M A R Y ------------

Command Line: -agentlib:jdwp=transport=dt_socket,address=127.0.0.1:61174,suspend=y,server=n -javaagent:C:\Users\user\AppData\Local\JetBrains\Toolbox\apps\IDEA-C\ch-0\223.8617.56\plugins\java\lib\rt\debugger-agent.jar -Dfile.encoding=UTF-8 --module-path=C:\Users\user\.m2\repository\org\openjfx\javafx-base\19.0.2.1\javafx-base-19.0.2.1-win.jar;C:\Users\user\.m2\repository\org\openjfx\javafx-fxml\19.0.2.1\javafx-fxml-19.0.2.1-win.jar;D:\Unik\OKC\lab04\lab_4\target\classes;C:\Users\user\.m2\repository\org\openjfx\javafx-controls\19.0.2.1\javafx-controls-19.0.2.1-win.jar;C:\Users\user\.m2\repository\org\openjfx\javafx-graphics\19.0.2.1\javafx-graphics-19.0.2.1-win.jar;C:\Users\user\.m2\repository\com\fazecast\jSerialComm\2.9.3\jSerialComm-2.9.3.jar -Djdk.module.main=app.lab01 app.lab01/app.lab01.Main

Host: 11th Gen Intel(R) Core(TM) i5-1135G7 @ 2.40GHz, 8 cores, 15G,  Windows 10 , 64 bit Build 22621 (10.0.22621.2506)
Time: Fri Dec 22 01:36:44 2023  Windows 10 , 64 bit Build 22621 (10.0.22621.2506) elapsed time: 80.495309 seconds (0d 0h 1m 20s)

---------------  T H R E A D  ---------------

Current thread (0x000002bd610f7900):  JavaThread "Thread-6" [_thread_in_vm, id=27052, stack(0x000000e75db00000,0x000000e75dc00000)]

Stack: [0x000000e75db00000,0x000000e75dc00000],  sp=0x000000e75dbfec40,  free space=1019k
Native frames: (J=compiled Java code, j=interpreted, Vv=VM code, C=native code)
V  [jvm.dll+0x3d262f]
C  [jSerialComm.dll+0x11a6]

Java frames: (J=compiled Java code, j=interpreted, Vv=VM code)
j  com.fazecast.jSerialComm.SerialPort.readBytes(J[BJJII)I+0 com.fazecast.jSerialComm
j  com.fazecast.jSerialComm.SerialPort.readBytes([BJ)I+25 com.fazecast.jSerialComm
j  app.lab01.controllers.PortController$1.serialEvent(Lcom/fazecast/jSerialComm/SerialPortEvent;)V+94 app.lab01
j  com.fazecast.jSerialComm.SerialPort$SerialPortEventListener.waitForSerialEvent()V+589 com.fazecast.jSerialComm
j  com.fazecast.jSerialComm.SerialPort$SerialPortEventListener$1.run()V+23 com.fazecast.jSerialComm
j  java.lang.Thread.run()V+11 java.base@17
v  ~StubRoutines::call_stub

siginfo: EXCEPTION_ACCESS_VIOLATION (0xc0000005), reading address 0xffffffffffffffff


Register to memory mapping:

RIP=0x00007ffecd24262f jvm.dll
RAX=0xe21c8386e2193854 is an unknown value
RBX=0x0 is NULL
RCX=0x0000000710e0d410 is an oop: java.security.ProtectionDomain 
{0x0000000710e0d410} - klass: 'java/security/ProtectionDomain'
 - ---- fields (total size 5 words):
 - private 'hasAllPerm' 'Z' @12  false
 - private final 'staticPermissions' 'Z' @13  false
 - private 'codesource' 'Ljava/security/CodeSource;' @16  a 'java/security/CodeSource'{0x0000000710c9c2a0} (e2193854)
 - private 'classloader' 'Ljava/lang/ClassLoader;' @20  a 'jdk/internal/loader/ClassLoaders$AppClassLoader'{0x0000000710e41c30} (e21c8386)
 - private 'principals' '[Ljava/security/Principal;' @24  a 'java/security/Principal'[0] {0x0000000710c9c360} (e219386c)
 - private 'permissions' 'Ljava/security/PermissionCollection;' @28  a 'sun/security/util/LazyCodeSourcePermissionCollection'{0x0000000710c9c0e0} (e219381c)
 - final 'key' 'Ljava/security/ProtectionDomain$Key;' @32  a 'java/security/ProtectionDomain$Key'{0x0000000710c9c0d0} (e219381a)
RDX=0x0000000000000010 is an unknown value
RSP=0x000000e75dbfec40 is pointing into the stack for thread: 0x000002bd610f7900
RBP=0x000000e75dbfee70 is pointing into the stack for thread: 0x000002bd610f7900
RSI=0x000002bd610f7900 is a thread
RDI=0x000002bd61bfa6f0 points into unknown readable memory: 0x0000000710e0d410 | 10 d4 e0 10 07 00 00 00
R8 =0x00007fff45bcfcb0 jSerialComm.dll
R9 =0x00007fff45ba7e00 jSerialComm.dll
R10=0x00007fff45ba0000 jSerialComm.dll
R11=0x000000e75dbfe6a0 is pointing into the stack for thread: 0x000002bd610f7900
R12=0x0 is NULL
R13=0x00007fff45bcfcb0 jSerialComm.dll
R14=0xe21c8386e2193854 is an unknown value
R15=0x000002bd610f7900 is a thread


Registers:
RAX=0xe21c8386e2193854, RBX=0x0000000000000000, RCX=0x0000000710e0d410, RDX=0x0000000000000010
RSP=0x000000e75dbfec40, RBP=0x000000e75dbfee70, RSI=0x000002bd610f7900, RDI=0x000002bd61bfa6f0
R8 =0x00007fff45bcfcb0, R9 =0x00007fff45ba7e00, R10=0x00007fff45ba0000, R11=0x000000e75dbfe6a0
R12=0x0000000000000000, R13=0x00007fff45bcfcb0, R14=0xe21c8386e2193854, R15=0x000002bd610f7900
RIP=0x00007ffecd24262f, EFLAGS=0x0000000000010246

Top of Stack: (sp=0x000000e75dbfec40)
0x000000e75dbfec40:   0000000000000000 00007fff45bcfcb0
0x000000e75dbfec50:   00007fff45bc9820 0000000000000040
0x000000e75dbfec60:   000000e75dbfece8 00007fff45ba1128
0x000000e75dbfec70:   0000a29cdf55a374 000002bd6101eec7
0x000000e75dbfec80:   000002bd610f7900 0000000000000000
0x000000e75dbfec90:   0000000000000000 000000e75dbfece8
0x000000e75dbfeca0:   000002bd610f7900 000000e75dbfee88
0x000000e75dbfecb0:   000002bd680b8b08 000002bd610f7ba8
0x000000e75dbfecc0:   000002bd610f7ba8 00007fff45ba11a6
0x000000e75dbfecd0:   000000e75dbfee70 000000000000040d
0x000000e75dbfece0:   0000000000000000 000000000000040d
0x000000e75dbfecf0:   0000000000000001 00007fff45ba3f67
0x000000e75dbfed00:   000002bd626a5240 000000e75dbfee70
0x000000e75dbfed10:   000002bd610f7ba8 0000000000000000
0x000000e75dbfed20:   000002bd6254a1e0 00007ffe00000000
0x000000e75dbfed30:   0000000000000000 0000000000000042 

Instructions: (pc=0x00007ffecd24262f)
0x00007ffecd24252f:   3e ef ff 48 8b 74 24 58 33 c0 c7 83 38 03 00 00
0x00007ffecd24253f:   04 00 00 00 48 8b 5c 24 50 48 83 c4 40 5f c3 cc
0x00007ffecd24254f:   cc 48 8b c4 53 56 48 83 ec 78 48 89 78 10 48 8d
0x00007ffecd24255f:   b1 58 fd ff ff 4c 89 60 18 33 db 4c 89 68 e8 48
0x00007ffecd24256f:   8b fa 4c 89 70 e0 4d 8b e8 8b 86 60 03 00 00 05
0x00007ffecd24257f:   55 21 ff ff 83 f8 01 76 0a 48 8b ce e8 80 c1 3a
0x00007ffecd24258f:   00 8b f3 c7 86 38 03 00 00 05 00 00 00 e8 af e8
0x00007ffecd24259f:   28 00 48 8b 86 40 03 00 00 a8 01 74 0a b2 01 48
0x00007ffecd2425af:   8b ce e8 6a dd 2f 00 39 9e 2c 03 00 00 75 0a 8b
0x00007ffecd2425bf:   86 28 03 00 00 a8 0c 74 0a 33 d2 48 8b ce e8 1e
0x00007ffecd2425cf:   e9 3a 00 c7 86 38 03 00 00 06 00 00 00 48 89 74
0x00007ffecd2425df:   24 40 48 89 5c 24 48 48 39 5e 08 74 0a 48 8d 4c
0x00007ffecd2425ef:   24 40 e8 4a 7c 2c 00 40 f6 c7 01 74 0c 48 8d 4f
0x00007ffecd2425ff:   ff ff 15 5a e8 6a 00 eb 09 48 8b cf ff 15 0f 6a
0x00007ffecd24260f:   6a 00 8b 15 39 73 71 00 48 8b c8 48 89 ac 24 90
0x00007ffecd24261f:   00 00 00 4c 89 7c 24 60 e8 14 97 28 00 4c 8b f0
0x00007ffecd24262f:   48 8b 88 98 00 00 00 4c 8b 60 18 48 8b 49 08 48
0x00007ffecd24263f:   85 c9 74 61 ff 15 d7 69 6a 00 4c 8b f8 48 85 c0
0x00007ffecd24264f:   74 53 48 8b ae 38 02 00 00 48 8b 7d 18 48 83 ff
0x00007ffecd24265f:   f7 76 18 4c 8d 05 4f e0 4d 00 ba 08 00 00 00 48
0x00007ffecd24266f:   8b cd e8 ba 82 cd ff 48 8b 7d 18 48 8d 47 08 48
0x00007ffecd24267f:   3b 45 20 76 17 45 33 c0 48 8b cd 41 8d 50 08 e8
0x00007ffecd24268f:   1d 7f cd ff 48 8b f8 4c 89 38 eb 0c 48 89 45 18
0x00007ffecd24269f:   4c 89 3f eb 03 48 8b fb 49 8b 06 49 8b ce ff 90
0x00007ffecd2426af:   e8 00 00 00 4c 8b 7c 24 60 4c 8b f0 48 85 c0 74
0x00007ffecd2426bf:   4e 48 8b ae 38 02 00 00 48 8b 5d 18 48 83 fb f7
0x00007ffecd2426cf:   76 18 4c 8d 05 e0 df 4d 00 ba 08 00 00 00 48 8b
0x00007ffecd2426df:   cd e8 4b 82 cd ff 48 8b 5d 18 48 8d 43 08 48 3b
0x00007ffecd2426ef:   45 20 76 14 45 33 c0 48 8b cd 41 8d 50 08 e8 ae
0x00007ffecd2426ff:   7e cd ff 48 8b d8 eb 04 48 89 45 18 4c 89 33 48
0x00007ffecd24270f:   89 5c 24 30 48 8d 15 66 1e 53 00 48 89 7c 24 28
0x00007ffecd24271f:   4d 8b cc 41 b8 17 02 00 00 4c 89 6c 24 20 48 8b 


Stack slot to memory mapping:
stack at sp + 0 slots: 0x0 is NULL
stack at sp + 1 slots: 0x00007fff45bcfcb0 jSerialComm.dll
stack at sp + 2 slots: 0x00007fff45bc9820 jSerialComm.dll
stack at sp + 3 slots: 0x0000000000000040 is an unknown value
stack at sp + 4 slots: 0x000000e75dbfece8 is pointing into the stack for thread: 0x000002bd610f7900
stack at sp + 5 slots: 0x00007fff45ba1128 jSerialComm.dll
stack at sp + 6 slots: 0x0000a29cdf55a374 is an unknown value
stack at sp + 7 slots: 0x000002bd6101eec7 points into unknown readable memory: 63


---------------  P R O C E S S  ---------------

Threads class SMR info:
_java_thread_list=0x000002bd61ff7ee0, length=23, elements={
0x000002bd3d9fa480, 0x000002bd6059db50, 0x000002bd6059f620, 0x000002bd610059f0,
0x000002bd610064b0, 0x000002bd61008f80, 0x000002bd61013960, 0x000002bd6101bf30,
0x000002bd6101c8e0, 0x000002bd6101d1e0, 0x000002bd610f82a0, 0x000002bd612dd450,
0x000002bd61309a00, 0x000002bd61309ef0, 0x000002bd610f8c40, 0x000002bd610f60f0,
0x000002bd610f9110, 0x000002bd610f65c0, 0x000002bd610f5750, 0x000002bd610f5c20,
0x000002bd610f6a90, 0x000002bd610f7900, 0x000002bd610f7dd0
}

Java Threads: ( => current thread )
  0x000002bd3d9fa480 JavaThread "main" [_thread_blocked, id=25000, stack(0x000000e75ca00000,0x000000e75cb00000)]
  0x000002bd6059db50 JavaThread "Reference Handler" daemon [_thread_blocked, id=11128, stack(0x000000e75d100000,0x000000e75d200000)]
  0x000002bd6059f620 JavaThread "Finalizer" daemon [_thread_blocked, id=21820, stack(0x000000e75d200000,0x000000e75d300000)]
  0x000002bd610059f0 JavaThread "Signal Dispatcher" daemon [_thread_blocked, id=12600, stack(0x000000e75d300000,0x000000e75d400000)]
  0x000002bd610064b0 JavaThread "Attach Listener" daemon [_thread_blocked, id=3096, stack(0x000000e75d400000,0x000000e75d500000)]
  0x000002bd61008f80 JavaThread "Service Thread" daemon [_thread_blocked, id=21080, stack(0x000000e75d500000,0x000000e75d600000)]
  0x000002bd61013960 JavaThread "Monitor Deflation Thread" daemon [_thread_blocked, id=22536, stack(0x000000e75d600000,0x000000e75d700000)]
  0x000002bd6101bf30 JavaThread "C2 CompilerThread0" daemon [_thread_blocked, id=1164, stack(0x000000e75d700000,0x000000e75d800000)]
  0x000002bd6101c8e0 JavaThread "C1 CompilerThread0" daemon [_thread_blocked, id=24836, stack(0x000000e75d800000,0x000000e75d900000)]
  0x000002bd6101d1e0 JavaThread "Sweeper thread" daemon [_thread_blocked, id=2640, stack(0x000000e75d900000,0x000000e75da00000)]
  0x000002bd610f82a0 JavaThread "Common-Cleaner" daemon [_thread_blocked, id=6132, stack(0x000000e75da00000,0x000000e75db00000)]
  0x000002bd612dd450 JavaThread "JDWP Transport Listener: dt_socket" daemon [_thread_blocked, id=16008, stack(0x000000e75dd00000,0x000000e75de00000)]
  0x000002bd61309a00 JavaThread "JDWP Event Helper Thread" daemon [_thread_blocked, id=19276, stack(0x000000e75de00000,0x000000e75df00000)]
  0x000002bd61309ef0 JavaThread "JDWP Command Reader" daemon [_thread_in_native, id=13668, stack(0x000000e75df00000,0x000000e75e000000)]
  0x000002bd610f8c40 JavaThread "Notification Thread" daemon [_thread_blocked, id=11152, stack(0x000000e75dc00000,0x000000e75dd00000)]
  0x000002bd610f60f0 JavaThread "QuantumRenderer-0" daemon [_thread_blocked, id=16352, stack(0x000000e75e100000,0x000000e75e200000)]
  0x000002bd610f9110 JavaThread "InvokeLaterDispatcher" daemon [_thread_blocked, id=10920, stack(0x000000e75e200000,0x000000e75e300000)]
  0x000002bd610f65c0 JavaThread "JavaFX Application Thread" [_thread_in_native, id=13840, stack(0x000000e75e300000,0x000000e75e400000)]
  0x000002bd610f5750 JavaThread "Thread-1" daemon [_thread_in_native, id=21172, stack(0x000000e75e700000,0x000000e75e800000)]
  0x000002bd610f5c20 JavaThread "JavaFX-Launcher" [_thread_blocked, id=16252, stack(0x000000e75e800000,0x000000e75e900000)]
  0x000002bd610f6a90 JavaThread "Prism Font Disposer" daemon [_thread_blocked, id=4292, stack(0x000000e75f300000,0x000000e75f400000)]
=>0x000002bd610f7900 JavaThread "Thread-6" [_thread_in_vm, id=27052, stack(0x000000e75db00000,0x000000e75dc00000)]
  0x000002bd610f7dd0 JavaThread "Cleaner-0" daemon [_thread_blocked, id=4072, stack(0x000000e75f400000,0x000000e75f500000)]

Other Threads:
  0x000002bd605981a0 VMThread "VM Thread" [stack: 0x000000e75d000000,0x000000e75d100000] [id=13648]
  0x000002bd618ea930 WatcherThread [stack: 0x000000e75e000000,0x000000e75e100000] [id=11748]
  0x000002bd3da47c70 GCTaskThread "GC Thread#0" [stack: 0x000000e75cb00000,0x000000e75cc00000] [id=25520]
  0x000002bd6211b550 GCTaskThread "GC Thread#1" [stack: 0x000000e75e900000,0x000000e75ea00000] [id=24328]
  0x000002bd61eda890 GCTaskThread "GC Thread#2" [stack: 0x000000e75ea00000,0x000000e75eb00000] [id=5392]
  0x000002bd61edab40 GCTaskThread "GC Thread#3" [stack: 0x000000e75eb00000,0x000000e75ec00000] [id=2804]
  0x000002bd620e3120 GCTaskThread "GC Thread#4" [stack: 0x000000e75ec00000,0x000000e75ed00000] [id=24616]
  0x000002bd620e33d0 GCTaskThread "GC Thread#5" [stack: 0x000000e75ed00000,0x000000e75ee00000] [id=21016]
  0x000002bd62168fe0 GCTaskThread "GC Thread#6" [stack: 0x000000e75ee00000,0x000000e75ef00000] [id=14788]
  0x000002bd62169290 GCTaskThread "GC Thread#7" [stack: 0x000000e75ef00000,0x000000e75f000000] [id=13488]
  0x000002bd3da57c70 ConcurrentGCThread "G1 Main Marker" [stack: 0x000000e75cc00000,0x000000e75cd00000] [id=18236]
  0x000002bd3b8fdbd0 ConcurrentGCThread "G1 Conc#0" [stack: 0x000000e75cd00000,0x000000e75ce00000] [id=4616]
  0x000002bd604561b0 ConcurrentGCThread "G1 Refine#0" [stack: 0x000000e75ce00000,0x000000e75cf00000] [id=18284]
  0x000002bd60457890 ConcurrentGCThread "G1 Service" [stack: 0x000000e75cf00000,0x000000e75d000000] [id=19364]

Threads with active compile tasks:

VM state: not at safepoint (normal execution)

VM Mutex/Monitor currently owned by a thread: None

Heap address: 0x0000000703a00000, size: 4038 MB, Compressed Oops mode: Zero based, Oop shift amount: 3

CDS archive(s) mapped at: [0x0000000800000000-0x0000000800bc0000-0x0000000800bc0000), size 12320768, SharedBaseAddress: 0x0000000800000000, ArchiveRelocationMode: 0.
Compressed class space mapped at: 0x0000000800c00000-0x0000000840c00000, reserved size: 1073741824
Narrow klass base: 0x0000000800000000, Narrow klass shift: 0, Narrow klass range: 0x100000000

GC Precious Log:
 CPUs: 8 total, 8 available
 Memory: 16149M
 Large Page Support: Disabled
 NUMA Support: Disabled
 Compressed Oops: Enabled (Zero based)
 Heap Region Size: 2M
 Heap Min Capacity: 8M
 Heap Initial Capacity: 254M
 Heap Max Capacity: 4038M
 Pre-touch: Disabled
 Parallel Workers: 8
 Concurrent Workers: 2
 Concurrent Refinement Workers: 8
 Periodic GC: Disabled

Heap:
 garbage-first heap   total 260096K, used 26469K [0x0000000703a00000, 0x0000000800000000)
  region size 2048K, 13 young (26624K), 3 survivors (6144K)
 Metaspace       used 16482K, committed 16704K, reserved 1064960K
  class space    used 2524K, committed 2624K, reserved 1048576K

Heap Regions: E=young(eden), S=young(survivor), O=old, HS=humongous(starts), HC=humongous(continues), CS=collection set, F=free, OA=open archive, CA=closed archive, TAMS=top-at-mark-start (previous, next)
|   0|0x0000000703a00000, 0x0000000703c00000, 0x0000000703c00000|100%|HS|  |TAMS 0x0000000703a00000, 0x0000000703a00000| Complete 
|   1|0x0000000703c00000, 0x0000000703c00000, 0x0000000703e00000|  0%| F|  |TAMS 0x0000000703c00000, 0x0000000703c00000| Untracked 
|   2|0x0000000703e00000, 0x0000000703e00000, 0x0000000704000000|  0%| F|  |TAMS 0x0000000703e00000, 0x0000000703e00000| Untracked 
|   3|0x0000000704000000, 0x0000000704000000, 0x0000000704200000|  0%| F|  |TAMS 0x0000000704000000, 0x0000000704000000| Untracked 
|   4|0x0000000704200000, 0x0000000704200000, 0x0000000704400000|  0%| F|  |TAMS 0x0000000704200000, 0x0000000704200000| Untracked 
|   5|0x0000000704400000, 0x0000000704400000, 0x0000000704600000|  0%| F|  |TAMS 0x0000000704400000, 0x0000000704400000| Untracked 
|   6|0x0000000704600000, 0x0000000704600000, 0x0000000704800000|  0%| F|  |TAMS 0x0000000704600000, 0x0000000704600000| Untracked 
|   7|0x0000000704800000, 0x0000000704800000, 0x0000000704a00000|  0%| F|  |TAMS 0x0000000704800000, 0x0000000704800000| Untracked 
|   8|0x0000000704a00000, 0x0000000704a00000, 0x0000000704c00000|  0%| F|  |TAMS 0x0000000704a00000, 0x0000000704a00000| Untracked 
|   9|0x0000000704c00000, 0x0000000704c00000, 0x0000000704e00000|  0%| F|  |TAMS 0x0000000704c00000, 0x0000000704c00000| Untracked 
|  10|0x0000000704e00000, 0x0000000704e00000, 0x0000000705000000|  0%| F|  |TAMS 0x0000000704e00000, 0x0000000704e00000| Untracked 
|  11|0x0000000705000000, 0x0000000705000000, 0x0000000705200000|  0%| F|  |TAMS 0x0000000705000000, 0x0000000705000000| Untracked 
|  12|0x0000000705200000, 0x0000000705200000, 0x0000000705400000|  0%| F|  |TAMS 0x0000000705200000, 0x0000000705200000| Untracked 
|  13|0x0000000705400000, 0x0000000705400000, 0x0000000705600000|  0%| F|  |TAMS 0x0000000705400000, 0x0000000705400000| Untracked 
|  14|0x0000000705600000, 0x0000000705600000, 0x0000000705800000|  0%| F|  |TAMS 0x0000000705600000, 0x0000000705600000| Untracked 
|  15|0x0000000705800000, 0x0000000705800000, 0x0000000705a00000|  0%| F|  |TAMS 0x0000000705800000, 0x0000000705800000| Untracked 
|  16|0x0000000705a00000, 0x0000000705a00000, 0x0000000705c00000|  0%| F|  |TAMS 0x0000000705a00000, 0x0000000705a00000| Untracked 
|  17|0x0000000705c00000, 0x0000000705c00000, 0x0000000705e00000|  0%| F|  |TAMS 0x0000000705c00000, 0x0000000705c00000| Untracked 
|  18|0x0000000705e00000, 0x0000000705e00000, 0x0000000706000000|  0%| F|  |TAMS 0x0000000705e00000, 0x0000000705e00000| Untracked 
|  19|0x0000000706000000, 0x0000000706000000, 0x0000000706200000|  0%| F|  |TAMS 0x0000000706000000, 0x0000000706000000| Untracked 
|  20|0x0000000706200000, 0x0000000706200000, 0x0000000706400000|  0%| F|  |TAMS 0x0000000706200000, 0x0000000706200000| Untracked 
|  21|0x0000000706400000, 0x0000000706400000, 0x0000000706600000|  0%| F|  |TAMS 0x0000000706400000, 0x0000000706400000| Untracked 
|  22|0x0000000706600000, 0x0000000706600000, 0x0000000706800000|  0%| F|  |TAMS 0x0000000706600000, 0x0000000706600000| Untracked 
|  23|0x0000000706800000, 0x0000000706800000, 0x0000000706a00000|  0%| F|  |TAMS 0x0000000706800000, 0x0000000706800000| Untracked 
|  24|0x0000000706a00000, 0x0000000706a00000, 0x0000000706c00000|  0%| F|  |TAMS 0x0000000706a00000, 0x0000000706a00000| Untracked 
|  25|0x0000000706c00000, 0x0000000706c00000, 0x0000000706e00000|  0%| F|  |TAMS 0x0000000706c00000, 0x0000000706c00000| Untracked 
|  26|0x0000000706e00000, 0x0000000706e00000, 0x0000000707000000|  0%| F|  |TAMS 0x0000000706e00000, 0x0000000706e00000| Untracked 
|  27|0x0000000707000000, 0x0000000707000000, 0x0000000707200000|  0%| F|  |TAMS 0x0000000707000000, 0x0000000707000000| Untracked 
|  28|0x0000000707200000, 0x0000000707200000, 0x0000000707400000|  0%| F|  |TAMS 0x0000000707200000, 0x0000000707200000| Untracked 
|  29|0x0000000707400000, 0x0000000707400000, 0x0000000707600000|  0%| F|  |TAMS 0x0000000707400000, 0x0000000707400000| Untracked 
|  30|0x0000000707600000, 0x0000000707600000, 0x0000000707800000|  0%| F|  |TAMS 0x0000000707600000, 0x0000000707600000| Untracked 
|  31|0x0000000707800000, 0x0000000707800000, 0x0000000707a00000|  0%| F|  |TAMS 0x0000000707800000, 0x0000000707800000| Untracked 
|  32|0x0000000707a00000, 0x0000000707a00000, 0x0000000707c00000|  0%| F|  |TAMS 0x0000000707a00000, 0x0000000707a00000| Untracked 
|  33|0x0000000707c00000, 0x0000000707c00000, 0x0000000707e00000|  0%| F|  |TAMS 0x0000000707c00000, 0x0000000707c00000| Untracked 
|  34|0x0000000707e00000, 0x0000000707e00000, 0x0000000708000000|  0%| F|  |TAMS 0x0000000707e00000, 0x0000000707e00000| Untracked 
|  35|0x0000000708000000, 0x0000000708000000, 0x0000000708200000|  0%| F|  |TAMS 0x0000000708000000, 0x0000000708000000| Untracked 
|  36|0x0000000708200000, 0x0000000708200000, 0x0000000708400000|  0%| F|  |TAMS 0x0000000708200000, 0x0000000708200000| Untracked 
|  37|0x0000000708400000, 0x0000000708400000, 0x0000000708600000|  0%| F|  |TAMS 0x0000000708400000, 0x0000000708400000| Untracked 
|  38|0x0000000708600000, 0x0000000708600000, 0x0000000708800000|  0%| F|  |TAMS 0x0000000708600000, 0x0000000708600000| Untracked 
|  39|0x0000000708800000, 0x0000000708800000, 0x0000000708a00000|  0%| F|  |TAMS 0x0000000708800000, 0x0000000708800000| Untracked 
|  40|0x0000000708a00000, 0x0000000708a00000, 0x0000000708c00000|  0%| F|  |TAMS 0x0000000708a00000, 0x0000000708a00000| Untracked 
|  41|0x0000000708c00000, 0x0000000708c00000, 0x0000000708e00000|  0%| F|  |TAMS 0x0000000708c00000, 0x0000000708c00000| Untracked 
|  42|0x0000000708e00000, 0x0000000708e00000, 0x0000000709000000|  0%| F|  |TAMS 0x0000000708e00000, 0x0000000708e00000| Untracked 
|  43|0x0000000709000000, 0x0000000709000000, 0x0000000709200000|  0%| F|  |TAMS 0x0000000709000000, 0x0000000709000000| Untracked 
|  44|0x0000000709200000, 0x0000000709200000, 0x0000000709400000|  0%| F|  |TAMS 0x0000000709200000, 0x0000000709200000| Untracked 
|  45|0x0000000709400000, 0x0000000709400000, 0x0000000709600000|  0%| F|  |TAMS 0x0000000709400000, 0x0000000709400000| Untracked 
|  46|0x0000000709600000, 0x0000000709600000, 0x0000000709800000|  0%| F|  |TAMS 0x0000000709600000, 0x0000000709600000| Untracked 
|  47|0x0000000709800000, 0x0000000709800000, 0x0000000709a00000|  0%| F|  |TAMS 0x0000000709800000, 0x0000000709800000| Untracked 
|  48|0x0000000709a00000, 0x0000000709a00000, 0x0000000709c00000|  0%| F|  |TAMS 0x0000000709a00000, 0x0000000709a00000| Untracked 
|  49|0x0000000709c00000, 0x0000000709c00000, 0x0000000709e00000|  0%| F|  |TAMS 0x0000000709c00000, 0x0000000709c00000| Untracked 
|  50|0x0000000709e00000, 0x0000000709e00000, 0x000000070a000000|  0%| F|  |TAMS 0x0000000709e00000, 0x0000000709e00000| Untracked 
|  51|0x000000070a000000, 0x000000070a000000, 0x000000070a200000|  0%| F|  |TAMS 0x000000070a000000, 0x000000070a000000| Untracked 
|  52|0x000000070a200000, 0x000000070a200000, 0x000000070a400000|  0%| F|  |TAMS 0x000000070a200000, 0x000000070a200000| Untracked 
|  53|0x000000070a400000, 0x000000070a400000, 0x000000070a600000|  0%| F|  |TAMS 0x000000070a400000, 0x000000070a400000| Untracked 
|  54|0x000000070a600000, 0x000000070a600000, 0x000000070a800000|  0%| F|  |TAMS 0x000000070a600000, 0x000000070a600000| Untracked 
|  55|0x000000070a800000, 0x000000070a800000, 0x000000070aa00000|  0%| F|  |TAMS 0x000000070a800000, 0x000000070a800000| Untracked 
|  56|0x000000070aa00000, 0x000000070aa00000, 0x000000070ac00000|  0%| F|  |TAMS 0x000000070aa00000, 0x000000070aa00000| Untracked 
|  57|0x000000070ac00000, 0x000000070ac00000, 0x000000070ae00000|  0%| F|  |TAMS 0x000000070ac00000, 0x000000070ac00000| Untracked 
|  58|0x000000070ae00000, 0x000000070ae00000, 0x000000070b000000|  0%| F|  |TAMS 0x000000070ae00000, 0x000000070ae00000| Untracked 
|  59|0x000000070b000000, 0x000000070b000000, 0x000000070b200000|  0%| F|  |TAMS 0x000000070b000000, 0x000000070b000000| Untracked 
|  60|0x000000070b200000, 0x000000070b200000, 0x000000070b400000|  0%| F|  |TAMS 0x000000070b200000, 0x000000070b200000| Untracked 
|  61|0x000000070b400000, 0x000000070b400000, 0x000000070b600000|  0%| F|  |TAMS 0x000000070b400000, 0x000000070b400000| Untracked 
|  62|0x000000070b600000, 0x000000070b600000, 0x000000070b800000|  0%| F|  |TAMS 0x000000070b600000, 0x000000070b600000| Untracked 
|  63|0x000000070b800000, 0x000000070b800000, 0x000000070ba00000|  0%| F|  |TAMS 0x000000070b800000, 0x000000070b800000| Untracked 
|  64|0x000000070ba00000, 0x000000070ba00000, 0x000000070bc00000|  0%| F|  |TAMS 0x000000070ba00000, 0x000000070ba00000| Untracked 
|  65|0x000000070bc00000, 0x000000070bc00000, 0x000000070be00000|  0%| F|  |TAMS 0x000000070bc00000, 0x000000070bc00000| Untracked 
|  66|0x000000070be00000, 0x000000070be00000, 0x000000070c000000|  0%| F|  |TAMS 0x000000070be00000, 0x000000070be00000| Untracked 
|  67|0x000000070c000000, 0x000000070c000000, 0x000000070c200000|  0%| F|  |TAMS 0x000000070c000000, 0x000000070c000000| Untracked 
|  68|0x000000070c200000, 0x000000070c200000, 0x000000070c400000|  0%| F|  |TAMS 0x000000070c200000, 0x000000070c200000| Untracked 
|  69|0x000000070c400000, 0x000000070c400000, 0x000000070c600000|  0%| F|  |TAMS 0x000000070c400000, 0x000000070c400000| Untracked 
|  70|0x000000070c600000, 0x000000070c600000, 0x000000070c800000|  0%| F|  |TAMS 0x000000070c600000, 0x000000070c600000| Untracked 
|  71|0x000000070c800000, 0x000000070c800000, 0x000000070ca00000|  0%| F|  |TAMS 0x000000070c800000, 0x000000070c800000| Untracked 
|  72|0x000000070ca00000, 0x000000070ca00000, 0x000000070cc00000|  0%| F|  |TAMS 0x000000070ca00000, 0x000000070ca00000| Untracked 
|  73|0x000000070cc00000, 0x000000070cc00000, 0x000000070ce00000|  0%| F|  |TAMS 0x000000070cc00000, 0x000000070cc00000| Untracked 
|  74|0x000000070ce00000, 0x000000070ce00000, 0x000000070d000000|  0%| F|  |TAMS 0x000000070ce00000, 0x000000070ce00000| Untracked 
|  75|0x000000070d000000, 0x000000070d000000, 0x000000070d200000|  0%| F|  |TAMS 0x000000070d000000, 0x000000070d000000| Untracked 
|  76|0x000000070d200000, 0x000000070d200000, 0x000000070d400000|  0%| F|  |TAMS 0x000000070d200000, 0x000000070d200000| Untracked 
|  77|0x000000070d400000, 0x000000070d400000, 0x000000070d600000|  0%| F|  |TAMS 0x000000070d400000, 0x000000070d400000| Untracked 
|  78|0x000000070d600000, 0x000000070d600000, 0x000000070d800000|  0%| F|  |TAMS 0x000000070d600000, 0x000000070d600000| Untracked 
|  79|0x000000070d800000, 0x000000070d800000, 0x000000070da00000|  0%| F|  |TAMS 0x000000070d800000, 0x000000070d800000| Untracked 
|  80|0x000000070da00000, 0x000000070da00000, 0x000000070dc00000|  0%| F|  |TAMS 0x000000070da00000, 0x000000070da00000| Untracked 
|  81|0x000000070dc00000, 0x000000070dc00000, 0x000000070de00000|  0%| F|  |TAMS 0x000000070dc00000, 0x000000070dc00000| Untracked 
|  82|0x000000070de00000, 0x000000070de00000, 0x000000070e000000|  0%| F|  |TAMS 0x000000070de00000, 0x000000070de00000| Untracked 
|  83|0x000000070e000000, 0x000000070e000000, 0x000000070e200000|  0%| F|  |TAMS 0x000000070e000000, 0x000000070e000000| Untracked 
|  84|0x000000070e200000, 0x000000070e200000, 0x000000070e400000|  0%| F|  |TAMS 0x000000070e200000, 0x000000070e200000| Untracked 
|  85|0x000000070e400000, 0x000000070e400000, 0x000000070e600000|  0%| F|  |TAMS 0x000000070e400000, 0x000000070e400000| Untracked 
|  86|0x000000070e600000, 0x000000070e600000, 0x000000070e800000|  0%| F|  |TAMS 0x000000070e600000, 0x000000070e600000| Untracked 
|  87|0x000000070e800000, 0x000000070e800000, 0x000000070ea00000|  0%| F|  |TAMS 0x000000070e800000, 0x000000070e800000| Untracked 
|  88|0x000000070ea00000, 0x000000070ea00000, 0x000000070ec00000|  0%| F|  |TAMS 0x000000070ea00000, 0x000000070ea00000| Untracked 
|  89|0x000000070ec00000, 0x000000070ec00000, 0x000000070ee00000|  0%| F|  |TAMS 0x000000070ec00000, 0x000000070ec00000| Untracked 
|  90|0x000000070ee00000, 0x000000070ee00000, 0x000000070f000000|  0%| F|  |TAMS 0x000000070ee00000, 0x000000070ee00000| Untracked 
|  91|0x000000070f000000, 0x000000070f000000, 0x000000070f200000|  0%| F|  |TAMS 0x000000070f000000, 0x000000070f000000| Untracked 
|  92|0x000000070f200000, 0x000000070f200000, 0x000000070f400000|  0%| F|  |TAMS 0x000000070f200000, 0x000000070f200000| Untracked 
|  93|0x000000070f400000, 0x000000070f400000, 0x000000070f600000|  0%| F|  |TAMS 0x000000070f400000, 0x000000070f400000| Untracked 
|  94|0x000000070f600000, 0x000000070f600000, 0x000000070f800000|  0%| F|  |TAMS 0x000000070f600000, 0x000000070f600000| Untracked 
|  95|0x000000070f800000, 0x000000070f800000, 0x000000070fa00000|  0%| F|  |TAMS 0x000000070f800000, 0x000000070f800000| Untracked 
|  96|0x000000070fa00000, 0x000000070fa00000, 0x000000070fc00000|  0%| F|  |TAMS 0x000000070fa00000, 0x000000070fa00000| Untracked 
|  97|0x000000070fc00000, 0x000000070fc00000, 0x000000070fe00000|  0%| F|  |TAMS 0x000000070fc00000, 0x000000070fc00000| Untracked 
|  98|0x000000070fe00000, 0x000000070fe00000, 0x0000000710000000|  0%| F|  |TAMS 0x000000070fe00000, 0x000000070fe00000| Untracked 
|  99|0x0000000710000000, 0x0000000710000000, 0x0000000710200000|  0%| F|  |TAMS 0x0000000710000000, 0x0000000710000000| Untracked 
| 100|0x0000000710200000, 0x0000000710200000, 0x0000000710400000|  0%| F|  |TAMS 0x0000000710200000, 0x0000000710200000| Untracked 
| 101|0x0000000710400000, 0x0000000710400000, 0x0000000710600000|  0%| F|  |TAMS 0x0000000710400000, 0x0000000710400000| Untracked 
| 102|0x0000000710600000, 0x0000000710600000, 0x0000000710800000|  0%| F|  |TAMS 0x0000000710600000, 0x0000000710600000| Untracked 
| 103|0x0000000710800000, 0x0000000710800000, 0x0000000710a00000|  0%| F|  |TAMS 0x0000000710800000, 0x0000000710800000| Untracked 
| 104|0x0000000710a00000, 0x0000000710bd97c0, 0x0000000710c00000| 92%| S|CS|TAMS 0x0000000710a00000, 0x0000000710a00000| Complete 
| 105|0x0000000710c00000, 0x0000000710e00000, 0x0000000710e00000|100%| S|CS|TAMS 0x0000000710c00000, 0x0000000710c00000| Complete 
| 106|0x0000000710e00000, 0x0000000711000000, 0x0000000711000000|100%| S|CS|TAMS 0x0000000710e00000, 0x0000000710e00000| Complete 
| 107|0x0000000711000000, 0x0000000711000000, 0x0000000711200000|  0%| F|  |TAMS 0x0000000711000000, 0x0000000711000000| Untracked 
| 108|0x0000000711200000, 0x0000000711200000, 0x0000000711400000|  0%| F|  |TAMS 0x0000000711200000, 0x0000000711200000| Untracked 
| 109|0x0000000711400000, 0x0000000711400000, 0x0000000711600000|  0%| F|  |TAMS 0x0000000711400000, 0x0000000711400000| Untracked 
| 110|0x0000000711600000, 0x0000000711600000, 0x0000000711800000|  0%| F|  |TAMS 0x0000000711600000, 0x0000000711600000| Untracked 
| 111|0x0000000711800000, 0x0000000711800000, 0x0000000711a00000|  0%| F|  |TAMS 0x0000000711800000, 0x0000000711800000| Untracked 
| 112|0x0000000711a00000, 0x0000000711a00000, 0x0000000711c00000|  0%| F|  |TAMS 0x0000000711a00000, 0x0000000711a00000| Untracked 
| 113|0x0000000711c00000, 0x0000000711c00000, 0x0000000711e00000|  0%| F|  |TAMS 0x0000000711c00000, 0x0000000711c00000| Untracked 
| 114|0x0000000711e00000, 0x0000000711e00000, 0x0000000712000000|  0%| F|  |TAMS 0x0000000711e00000, 0x0000000711e00000| Untracked 
| 115|0x0000000712000000, 0x0000000712000000, 0x0000000712200000|  0%| F|  |TAMS 0x0000000712000000, 0x0000000712000000| Untracked 
| 116|0x0000000712200000, 0x0000000712200000, 0x0000000712400000|  0%| F|  |TAMS 0x0000000712200000, 0x0000000712200000| Untracked 
| 117|0x0000000712400000, 0x0000000712496048, 0x0000000712600000| 29%| E|  |TAMS 0x0000000712400000, 0x0000000712400000| Complete 
| 118|0x0000000712600000, 0x0000000712800000, 0x0000000712800000|100%| E|CS|TAMS 0x0000000712600000, 0x0000000712600000| Complete 
| 119|0x0000000712800000, 0x0000000712a00000, 0x0000000712a00000|100%| E|CS|TAMS 0x0000000712800000, 0x0000000712800000| Complete 
| 120|0x0000000712a00000, 0x0000000712c00000, 0x0000000712c00000|100%| E|CS|TAMS 0x0000000712a00000, 0x0000000712a00000| Complete 
| 121|0x0000000712c00000, 0x0000000712e00000, 0x0000000712e00000|100%| E|CS|TAMS 0x0000000712c00000, 0x0000000712c00000| Complete 
| 122|0x0000000712e00000, 0x0000000713000000, 0x0000000713000000|100%| E|CS|TAMS 0x0000000712e00000, 0x0000000712e00000| Complete 
| 123|0x0000000713000000, 0x0000000713200000, 0x0000000713200000|100%| E|CS|TAMS 0x0000000713000000, 0x0000000713000000| Complete 
| 124|0x0000000713200000, 0x0000000713400000, 0x0000000713400000|100%| E|CS|TAMS 0x0000000713200000, 0x0000000713200000| Complete 
| 125|0x0000000713400000, 0x0000000713600000, 0x0000000713600000|100%| E|CS|TAMS 0x0000000713400000, 0x0000000713400000| Complete 
| 126|0x0000000713600000, 0x0000000713800000, 0x0000000713800000|100%| E|CS|TAMS 0x0000000713600000, 0x0000000713600000| Complete 

Card table byte_map: [0x000002bd54d10000,0x000002bd55500000] _byte_map_base: 0x000002bd514f3000

Marking Bits (Prev, Next): (CMBitMap*) 0x000002bd3b8fbb80, (CMBitMap*) 0x000002bd3b8fbbc0
 Prev Bits: [0x000002bd55cf0000, 0x000002bd59c08000)
 Next Bits: [0x000002bd59c10000, 0x000002bd5db28000)

Polling page: 0x000002bd3b930000

Metaspace:

Usage:
  Non-class:     13.63 MB used.
      Class:      2.46 MB used.
       Both:     16.10 MB used.

Virtual space:
  Non-class space:       16.00 MB reserved,      13.75 MB ( 86%) committed,  2 nodes.
      Class space:        1.00 GB reserved,       2.56 MB ( <1%) committed,  1 nodes.
             Both:        1.02 GB reserved,      16.31 MB (  2%) committed. 

Chunk freelists:
   Non-Class:  1.53 MB
       Class:  1.39 MB
        Both:  2.92 MB

MaxMetaspaceSize: unlimited
CompressedClassSpaceSize: 1.00 GB
Initial GC threshold: 21.00 MB
Current GC threshold: 21.00 MB
CDS: on
MetaspaceReclaimPolicy: balanced
 - commit_granule_bytes: 65536.
 - commit_granule_words: 8192.
 - virtual_space_node_default_size: 1048576.
 - enlarge_chunks_in_place: 1.
 - new_chunks_are_fully_committed: 0.
 - uncommit_free_chunks: 1.
 - use_allocation_guard: 0.
 - handle_deallocations: 1.


Internal statistics:

num_allocs_failed_limit: 0.
num_arena_births: 198.
num_arena_deaths: 0.
num_vsnodes_births: 3.
num_vsnodes_deaths: 0.
num_space_committed: 261.
num_space_uncommitted: 0.
num_chunks_returned_to_freelist: 0.
num_chunks_taken_from_freelist: 708.
num_chunk_merges: 0.
num_chunk_splits: 499.
num_chunks_enlarged: 404.
num_purges: 0.
num_inconsistent_stats: 0.

CodeHeap 'non-profiled nmethods': size=120000Kb used=1085Kb max_used=1085Kb free=118914Kb
 bounds [0x000002bd4ccc0000, 0x000002bd4cf30000, 0x000002bd541f0000]
CodeHeap 'profiled nmethods': size=120000Kb used=4383Kb max_used=4383Kb free=115616Kb
 bounds [0x000002bd45790000, 0x000002bd45be0000, 0x000002bd4ccc0000]
CodeHeap 'non-nmethods': size=5760Kb used=1503Kb max_used=1555Kb free=4256Kb
 bounds [0x000002bd451f0000, 0x000002bd45460000, 0x000002bd45790000]
 total_blobs=3061 nmethods=2279 adapters=694
 compilation: enabled
              stopped_count=0, restarted_count=0
 full_count=0

Compilation events (20 events):
Event: 40.475 Thread 0x000002bd6101c8e0 2275       1       com.sun.prism.impl.BaseGraphics::getPaint (5 bytes)
Event: 40.475 Thread 0x000002bd6101c8e0 nmethod 2275 0x000002bd4cdbfe10 code [0x000002bd4cdbffa0, 0x000002bd4cdc0078]
Event: 40.475 Thread 0x000002bd6101c8e0 2276       1       com.sun.javafx.sg.prism.NGNode::getCacheFilter (5 bytes)
Event: 40.475 Thread 0x000002bd6101bf30 2277 %     4       com.sun.marlin.Renderer::_endRendering @ 235 (2473 bytes)
Event: 40.475 Thread 0x000002bd6101c8e0 nmethod 2276 0x000002bd4cdc0110 code [0x000002bd4cdc02a0, 0x000002bd4cdc0378]
Event: 40.476 Thread 0x000002bd6101c8e0 2278       1       com.sun.javafx.geom.transform.BaseTransform::getMxz (2 bytes)
Event: 40.476 Thread 0x000002bd6101c8e0 nmethod 2278 0x000002bd4cdc0410 code [0x000002bd4cdc05c0, 0x000002bd4cdc0698]
Event: 40.476 Thread 0x000002bd6101c8e0 2283       1       com.sun.prism.impl.BaseTexture::getLinearFiltering (5 bytes)
Event: 40.476 Thread 0x000002bd6101c8e0 nmethod 2283 0x000002bd4cdc0710 code [0x000002bd4cdc08a0, 0x000002bd4cdc0978]
Event: 40.476 Thread 0x000002bd6101c8e0 2279       1       com.sun.javafx.geom.transform.BaseTransform::getMyz (2 bytes)
Event: 40.477 Thread 0x000002bd6101c8e0 nmethod 2279 0x000002bd4cdc0a10 code [0x000002bd4cdc0bc0, 0x000002bd4cdc0c98]
Event: 40.477 Thread 0x000002bd6101c8e0 2280       1       com.sun.javafx.geom.transform.BaseTransform::getMzx (2 bytes)
Event: 40.477 Thread 0x000002bd6101c8e0 nmethod 2280 0x000002bd4cdc0d10 code [0x000002bd4cdc0ec0, 0x000002bd4cdc0f98]
Event: 40.477 Thread 0x000002bd6101c8e0 2281       1       com.sun.javafx.geom.transform.BaseTransform::getMzy (2 bytes)
Event: 40.477 Thread 0x000002bd6101c8e0 nmethod 2281 0x000002bd4cdc1010 code [0x000002bd4cdc11c0, 0x000002bd4cdc1298]
Event: 40.477 Thread 0x000002bd6101c8e0 2282       1       com.sun.javafx.geom.transform.BaseTransform::getMzz (2 bytes)
Event: 40.477 Thread 0x000002bd6101c8e0 nmethod 2282 0x000002bd4cdc1310 code [0x000002bd4cdc14c0, 0x000002bd4cdc1598]
Event: 40.477 Thread 0x000002bd6101c8e0 2284       1       com.sun.prism.impl.GlyphCache$GlyphData::getRect (5 bytes)
Event: 40.477 Thread 0x000002bd6101c8e0 nmethod 2284 0x000002bd4cdc1610 code [0x000002bd4cdc17a0, 0x000002bd4cdc1878]
Event: 40.726 Thread 0x000002bd6101bf30 nmethod 2277% 0x000002bd4cdc1910 code [0x000002bd4cdc1ba0, 0x000002bd4cdcb230]

GC Heap History (4 events):
Event: 1.393 GC heap before
{Heap before GC invocations=0 (full 0):
 garbage-first heap   total 260096K, used 22528K [0x0000000703a00000, 0x0000000800000000)
  region size 2048K, 11 young (22528K), 0 survivors (0K)
 Metaspace       used 4609K, committed 4800K, reserved 1056768K
  class space    used 504K, committed 576K, reserved 1048576K
}
Event: 1.397 GC heap after
{Heap after GC invocations=1 (full 0):
 garbage-first heap   total 260096K, used 2730K [0x0000000703a00000, 0x0000000800000000)
  region size 2048K, 2 young (4096K), 2 survivors (4096K)
 Metaspace       used 4609K, committed 4800K, reserved 1056768K
  class space    used 504K, committed 576K, reserved 1048576K
}
Event: 2.295 GC heap before
{Heap before GC invocations=1 (full 0):
 garbage-first heap   total 260096K, used 37546K [0x0000000703a00000, 0x0000000800000000)
  region size 2048K, 20 young (40960K), 2 survivors (4096K)
 Metaspace       used 13186K, committed 13440K, reserved 1064960K
  class space    used 1953K, committed 2048K, reserved 1048576K
}
Event: 2.302 GC heap after
{Heap after GC invocations=2 (full 0):
 garbage-first heap   total 260096K, used 5989K [0x0000000703a00000, 0x0000000800000000)
  region size 2048K, 3 young (6144K), 3 survivors (6144K)
 Metaspace       used 13186K, committed 13440K, reserved 1064960K
  class space    used 1953K, committed 2048K, reserved 1048576K
}

Deoptimization events (20 events):
Event: 4.336 Thread 0x000002bd610f5750 Uncommon trap: trap_request=0xffffffde fr.pc=0x000002bd4cd35798 relative=0x0000000000001278
Event: 4.336 Thread 0x000002bd610f5750 Uncommon trap: reason=class_check action=maybe_recompile pc=0x000002bd4cd35798 method=java.util.concurrent.ConcurrentHashMap.putVal(Ljava/lang/Object;Ljava/lang/Object;Z)Ljava/lang/Object; @ 242 c2
Event: 4.336 Thread 0x000002bd610f5750 DEOPT PACKING pc=0x000002bd4cd35798 sp=0x000000e75e7ff070
Event: 4.336 Thread 0x000002bd610f5750 DEOPT UNPACKING pc=0x000002bd45245c23 sp=0x000000e75e7feff0 mode 2
Event: 4.365 Thread 0x000002bd610f60f0 DEOPT PACKING pc=0x000002bd45b76842 sp=0x000000e75e1fd6f0
Event: 4.365 Thread 0x000002bd610f60f0 DEOPT UNPACKING pc=0x000002bd45246763 sp=0x000000e75e1fcb80 mode 0
Event: 4.379 Thread 0x000002bd610f60f0 DEOPT PACKING pc=0x000002bd45b76842 sp=0x000000e75e1fc800
Event: 4.379 Thread 0x000002bd610f60f0 DEOPT UNPACKING pc=0x000002bd45246763 sp=0x000000e75e1fbc90 mode 0
Event: 4.396 Thread 0x000002bd610f60f0 DEOPT PACKING pc=0x000002bd45b76842 sp=0x000000e75e1fd9e0
Event: 4.396 Thread 0x000002bd610f60f0 DEOPT UNPACKING pc=0x000002bd45246763 sp=0x000000e75e1fce70 mode 0
Event: 4.406 Thread 0x000002bd610f60f0 DEOPT PACKING pc=0x000002bd45b76842 sp=0x000000e75e1fcae0
Event: 4.406 Thread 0x000002bd610f60f0 DEOPT UNPACKING pc=0x000002bd45246763 sp=0x000000e75e1fbf70 mode 0
Event: 40.466 Thread 0x000002bd610f5750 Uncommon trap: trap_request=0xffffffde fr.pc=0x000002bd4cd35798 relative=0x0000000000001278
Event: 40.466 Thread 0x000002bd610f5750 Uncommon trap: reason=class_check action=maybe_recompile pc=0x000002bd4cd35798 method=java.util.concurrent.ConcurrentHashMap.putVal(Ljava/lang/Object;Ljava/lang/Object;Z)Ljava/lang/Object; @ 242 c2
Event: 40.466 Thread 0x000002bd610f5750 DEOPT PACKING pc=0x000002bd4cd35798 sp=0x000000e75e7ff0b0
Event: 40.466 Thread 0x000002bd610f5750 DEOPT UNPACKING pc=0x000002bd45245c23 sp=0x000000e75e7ff030 mode 2
Event: 40.477 Thread 0x000002bd610f60f0 Uncommon trap: trap_request=0xffffffde fr.pc=0x000002bd4cd35798 relative=0x0000000000001278
Event: 40.477 Thread 0x000002bd610f60f0 Uncommon trap: reason=class_check action=maybe_recompile pc=0x000002bd4cd35798 method=java.util.concurrent.ConcurrentHashMap.putVal(Ljava/lang/Object;Ljava/lang/Object;Z)Ljava/lang/Object; @ 242 c2
Event: 40.478 Thread 0x000002bd610f60f0 DEOPT PACKING pc=0x000002bd4cd35798 sp=0x000000e75e1feb80
Event: 40.478 Thread 0x000002bd610f60f0 DEOPT UNPACKING pc=0x000002bd45245c23 sp=0x000000e75e1feb00 mode 2

Classes unloaded (0 events):
No events

Classes redefined (0 events):
No events

Internal exceptions (20 events):
Event: 1.579 Thread 0x000002bd610f65c0 Exception <a 'java/lang/ClassNotFoundException'{0x0000000712cfba40}: com/sun/glass/ui/win/themes_ru> (0x0000000712cfba40) 
thrown [t:\workspace\open\src\hotspot\share\prims\jni.cpp, line 535]
Event: 1.580 Thread 0x000002bd610f65c0 Exception <a 'java/lang/ClassNotFoundException'{0x0000000712cfc850}: com/sun/glass/ui/win/themes_ru_RU> (0x0000000712cfc850) 
thrown [t:\workspace\open\src\hotspot\share\prims\jni.cpp, line 535]
Event: 1.687 Thread 0x000002bd610f65c0 Exception <a 'java/lang/NoSuchMethodError'{0x00000007126a04a8}: 'void java.lang.invoke.DirectMethodHandle$Holder.invokeStaticInit(java.lang.Object, java.lang.Object)'> (0x00000007126a04a8) 
thrown [t:\workspace\open\src\hotspot\share\interpreter\linkResolver.cpp, line 766]
Event: 1.694 Thread 0x000002bd610f65c0 Exception <a 'java/lang/NoSuchMethodError'{0x0000000712795d48}: 'void java.lang.invoke.DirectMethodHandle$Holder.invokeSpecial(java.lang.Object, java.lang.Object, java.lang.Object, java.lang.Object, java.lang.Object)'> (0x0000000712795d48) 
thrown [t:\workspace\open\src\hotspot\share\interpreter\linkResolver.cpp, line 766]
Event: 1.831 Thread 0x000002bd610f65c0 Exception <a 'sun/nio/fs/WindowsException'{0x00000007123b3448}> (0x00000007123b3448) 
thrown [t:\workspace\open\src\hotspot\share\prims\jni.cpp, line 516]
Event: 1.883 Thread 0x000002bd610f65c0 Implicit null exception at 0x000002bd4cd2459f to 0x000002bd4cd24bd8
Event: 1.885 Thread 0x000002bd610f65c0 Implicit null exception at 0x000002bd4cd21d9e to 0x000002bd4cd2234c
Event: 1.886 Thread 0x000002bd610f65c0 Implicit null exception at 0x000002bd4ccd8f0f to 0x000002bd4ccd8f8d
Event: 2.116 Thread 0x000002bd610f65c0 Exception <a 'java/lang/NoSuchMethodError'{0x00000007117bce00}: 'java.lang.Object java.lang.invoke.DirectMethodHandle$Holder.invokeInterface(java.lang.Object, java.lang.Object, java.lang.Object)'> (0x00000007117bce00) 
thrown [t:\workspace\open\src\hotspot\share\interpreter\linkResolver.cpp, line 766]
Event: 2.116 Thread 0x000002bd610f65c0 Exception <a 'java/lang/IncompatibleClassChangeError'{0x00000007117c0788}: Found class java.lang.Object, but interface was expected> (0x00000007117c0788) 
thrown [t:\workspace\open\src\hotspot\share\interpreter\linkResolver.cpp, line 833]
Event: 2.161 Thread 0x000002bd610f65c0 Exception <a 'java/lang/ClassNotFoundException'{0x00000007115d7f98}: com/sun/javafx/scene/control/skin/resources/controls> (0x00000007115d7f98) 
thrown [t:\workspace\open\src\hotspot\share\prims\jni.cpp, line 535]
Event: 2.162 Thread 0x000002bd610f65c0 Exception <a 'java/lang/ClassNotFoundException'{0x00000007115e5f38}: com/sun/javafx/scene/control/skin/resources/controls_ru> (0x00000007115e5f38) 
thrown [t:\workspace\open\src\hotspot\share\prims\jni.cpp, line 535]
Event: 2.163 Thread 0x000002bd610f65c0 Exception <a 'java/lang/ClassNotFoundException'{0x00000007115e6ed0}: com/sun/javafx/scene/control/skin/resources/controls_ru_RU> (0x00000007115e6ed0) 
thrown [t:\workspace\open\src\hotspot\share\prims\jni.cpp, line 535]
Event: 2.235 Thread 0x000002bd610f65c0 Exception <a 'java/lang/NoSuchMethodError'{0x000000071101f8b8}: 'void java.lang.invoke.DirectMethodHandle$Holder.invokeSpecial(java.lang.Object, java.lang.Object, java.lang.Object, java.lang.Object, java.lang.Object, java.lang.Object)'> (0x000000071101f8b8) 
thrown [t:\workspace\open\src\hotspot\share\interpreter\linkResolver.cpp, line 766]
Event: 2.974 Thread 0x000002bd610f65c0 Exception <a 'java/lang/NoSuchMethodError'{0x0000000712e2b8c8}: 'void java.lang.invoke.DirectMethodHandle$Holder.invokeSpecial(java.lang.Object, java.lang.Object, int, int)'> (0x0000000712e2b8c8) 
thrown [t:\workspace\open\src\hotspot\share\interpreter\linkResolver.cpp, line 766]
Event: 2.976 Thread 0x000002bd610f65c0 Exception <a 'java/lang/NoSuchMethodError'{0x0000000712e32328}: 'java.lang.Object java.lang.invoke.DirectMethodHandle$Holder.newInvokeSpecial(java.lang.Object, java.lang.Object, int, int)'> (0x0000000712e32328) 
thrown [t:\workspace\open\src\hotspot\share\interpreter\linkResolver.cpp, line 766]
Event: 3.004 Thread 0x000002bd610f65c0 Exception <a 'java/lang/NoSuchMethodError'{0x0000000712e4e2a8}: 'java.lang.Object java.lang.invoke.DirectMethodHandle$Holder.newInvokeSpecial(java.lang.Object, java.lang.Object, int)'> (0x0000000712e4e2a8) 
thrown [t:\workspace\open\src\hotspot\share\interpreter\linkResolver.cpp, line 766]
Event: 3.773 Thread 0x000002bd610f60f0 Exception <a 'java/lang/NoSuchMethodError'{0x0000000712dbd4f8}: 'int java.lang.invoke.DirectMethodHandle$Holder.invokeStaticInit(java.lang.Object, java.lang.Object)'> (0x0000000712dbd4f8) 
thrown [t:\workspace\open\src\hotspot\share\interpreter\linkResolver.cpp, line 766]
Event: 3.974 Thread 0x000002bd610f60f0 Exception <a 'java/lang/NoSuchMethodError'{0x00000007129a8a10}: 'java.lang.Object java.lang.invoke.DirectMethodHandle$Holder.invokeStaticInit(java.lang.Object, int)'> (0x00000007129a8a10) 
thrown [t:\workspace\open\src\hotspot\share\interpreter\linkResolver.cpp, line 766]
Event: 80.473 Thread 0x000002bd610f7900 Exception <a 'java/lang/ArrayIndexOutOfBoundsException'{0x000000071240cdf8}: Array region 0..66 out of bounds for length 41> (0x000000071240cdf8) 
thrown [t:\workspace\open\src\hotspot\share\prims\jni.cpp, line 2524]

VM Operations (20 events):
Event: 47.863 Executing VM operation: get/set locals
Event: 47.864 Executing VM operation: get/set locals done
Event: 47.898 Executing VM operation: get/set locals
Event: 47.899 Executing VM operation: get/set locals done
Event: 80.465 Executing VM operation: ChangeBreakpoints
Event: 80.466 Executing VM operation: ChangeBreakpoints done
Event: 80.466 Executing VM operation: ChangeBreakpoints
Event: 80.467 Executing VM operation: ChangeBreakpoints done
Event: 80.467 Executing VM operation: ChangeBreakpoints
Event: 80.467 Executing VM operation: ChangeBreakpoints done
Event: 80.467 Executing VM operation: ChangeBreakpoints
Event: 80.468 Executing VM operation: ChangeBreakpoints done
Event: 80.468 Executing VM operation: ChangeBreakpoints
Event: 80.468 Executing VM operation: ChangeBreakpoints done
Event: 80.469 Executing VM operation: ChangeBreakpoints
Event: 80.469 Executing VM operation: ChangeBreakpoints done
Event: 80.471 Executing VM operation: ChangeSingleStep
Event: 80.471 Executing VM operation: ChangeSingleStep done
Event: 80.473 Executing VM operation: ChangeSingleStep
Event: 80.473 Executing VM operation: ChangeSingleStep done

Events (20 events):
Event: 3.848 loading class java/nio/DirectFloatBufferU
Event: 3.849 loading class java/nio/DirectFloatBufferU done
Event: 3.886 loading class com/sun/scenario/effect/FilterContext
Event: 3.886 loading class com/sun/scenario/effect/FilterContext done
Event: 3.886 loading class com/sun/scenario/effect/FilterContext
Event: 3.886 loading class com/sun/scenario/effect/FilterContext done
Event: 3.886 loading class com/sun/scenario/effect/impl/Renderer
Event: 3.886 loading class com/sun/scenario/effect/impl/Renderer done
Event: 13.733 loading class com/intellij/rt/debugger/BatchEvaluatorServer
Event: 13.733 loading class com/intellij/rt/debugger/BatchEvaluatorServer done
Event: 13.974 loading class java/io/DataOutputStream
Event: 13.974 loading class java/io/DataOutputStream done
Event: 40.448 loading class app/lab01/controllers/PortController$1
Event: 40.448 loading class app/lab01/controllers/PortController$1 done
Event: 40.456 loading class app/lab01/controllers/PortController$1
Event: 40.456 loading class app/lab01/controllers/PortController$1 done
Event: 80.474 loading class java/lang/Throwable$WrappedPrintStream
Event: 80.474 loading class java/lang/Throwable$PrintStreamOrWriter
Event: 80.474 loading class java/lang/Throwable$PrintStreamOrWriter done
Event: 80.474 loading class java/lang/Throwable$WrappedPrintStream done


Dynamic libraries:
0x00007ff6a5610000 - 0x00007ff6a5620000 	C:\Program Files\Java\jdk-17\bin\java.exe
0x00007fff66090000 - 0x00007fff662a7000 	C:\WINDOWS\SYSTEM32\ntdll.dll
0x00007fff49c90000 - 0x00007fff49ca9000 	C:\Program Files\Avast Software\Avast\aswhook.dll
0x00007fff65530000 - 0x00007fff655f4000 	C:\WINDOWS\System32\KERNEL32.DLL
0x00007fff63400000 - 0x00007fff637a5000 	C:\WINDOWS\System32\KERNELBASE.dll
0x00007fff63b20000 - 0x00007fff63c31000 	C:\WINDOWS\System32\ucrtbase.dll
0x00007fff23650000 - 0x00007fff23668000 	C:\Program Files\Java\jdk-17\bin\jli.dll
0x00007fff63f40000 - 0x00007fff63ff1000 	C:\WINDOWS\System32\ADVAPI32.dll
0x00007fff241c0000 - 0x00007fff241da000 	C:\Program Files\Java\jdk-17\bin\VCRUNTIME140.dll
0x00007fff65700000 - 0x00007fff657a7000 	C:\WINDOWS\System32\msvcrt.dll
0x00007fff658f0000 - 0x00007fff65996000 	C:\WINDOWS\System32\sechost.dll
0x00007fff64470000 - 0x00007fff64587000 	C:\WINDOWS\System32\RPCRT4.dll
0x00007fff640e0000 - 0x00007fff6428e000 	C:\WINDOWS\System32\USER32.dll
0x00007fff63db0000 - 0x00007fff63dd6000 	C:\WINDOWS\System32\win32u.dll
0x00007fff45cf0000 - 0x00007fff45f83000 	C:\WINDOWS\WinSxS\amd64_microsoft.windows.common-controls_6595b64144ccf1df_6.0.22621.2506_none_270c5ae97388e100\COMCTL32.dll
0x00007fff65e20000 - 0x00007fff65e49000 	C:\WINDOWS\System32\GDI32.dll
0x00007fff63910000 - 0x00007fff63a29000 	C:\WINDOWS\System32\gdi32full.dll
0x00007fff63870000 - 0x00007fff6390a000 	C:\WINDOWS\System32\msvcp_win.dll
0x00007fff58010000 - 0x00007fff5801a000 	C:\WINDOWS\SYSTEM32\VERSION.dll
0x00007fff64080000 - 0x00007fff640b1000 	C:\WINDOWS\System32\IMM32.DLL
0x00007fff3fef0000 - 0x00007fff3fefc000 	C:\Program Files\Java\jdk-17\bin\vcruntime140_1.dll
0x00007ffeecf00000 - 0x00007ffeecf8d000 	C:\Program Files\Java\jdk-17\bin\msvcp140.dll
0x00007ffecce70000 - 0x00007ffecda2e000 	C:\Program Files\Java\jdk-17\bin\server\jvm.dll
0x00007fff657b0000 - 0x00007fff657b8000 	C:\WINDOWS\System32\PSAPI.DLL
0x00007fff58f50000 - 0x00007fff58f84000 	C:\WINDOWS\SYSTEM32\WINMM.dll
0x00007fff40680000 - 0x00007fff40689000 	C:\WINDOWS\SYSTEM32\WSOCK32.dll
0x00007fff63de0000 - 0x00007fff63e51000 	C:\WINDOWS\System32\WS2_32.dll
0x00007fff623a0000 - 0x00007fff623b8000 	C:\WINDOWS\SYSTEM32\kernel.appcore.dll
0x00007fff3f330000 - 0x00007fff3f33a000 	C:\Program Files\Java\jdk-17\bin\jimage.dll
0x00007fff60cf0000 - 0x00007fff60f23000 	C:\WINDOWS\SYSTEM32\DBGHELP.DLL
0x00007fff651a0000 - 0x00007fff65529000 	C:\WINDOWS\System32\combase.dll
0x00007fff63e60000 - 0x00007fff63f37000 	C:\WINDOWS\System32\OLEAUT32.dll
0x00007fff46010000 - 0x00007fff46042000 	C:\WINDOWS\SYSTEM32\dbgcore.DLL
0x00007fff63a30000 - 0x00007fff63aaa000 	C:\WINDOWS\System32\bcryptPrimitives.dll
0x00007fff48c90000 - 0x00007fff48ccb000 	C:\Program Files\Java\jdk-17\bin\jdwp.dll
0x00007fff5daf0000 - 0x00007fff5dafe000 	C:\Program Files\Java\jdk-17\bin\instrument.dll
0x00007fff1f460000 - 0x00007fff1f485000 	C:\Program Files\Java\jdk-17\bin\java.dll
0x00007fff1ded0000 - 0x00007fff1dee8000 	C:\Program Files\Java\jdk-17\bin\zip.dll
0x00007ffee76c0000 - 0x00007ffee7796000 	C:\Program Files\Java\jdk-17\bin\svml.dll
0x00007fff64720000 - 0x00007fff64f79000 	C:\WINDOWS\System32\SHELL32.dll
0x00007fff61320000 - 0x00007fff61c14000 	C:\WINDOWS\SYSTEM32\windows.storage.dll
0x00007fff611e0000 - 0x00007fff6131e000 	C:\WINDOWS\SYSTEM32\wintypes.dll
0x00007fff64590000 - 0x00007fff64683000 	C:\WINDOWS\System32\SHCORE.dll
0x00007fff65e50000 - 0x00007fff65eae000 	C:\WINDOWS\System32\shlwapi.dll
0x00007fff63330000 - 0x00007fff63356000 	C:\WINDOWS\SYSTEM32\profapi.dll
0x00007fff1e7d0000 - 0x00007fff1e7e9000 	C:\Program Files\Java\jdk-17\bin\net.dll
0x00007fff5a9e0000 - 0x00007fff5ab17000 	C:\WINDOWS\SYSTEM32\WINHTTP.dll
0x00007fff62880000 - 0x00007fff628e9000 	C:\WINDOWS\system32\mswsock.dll
0x00007fff1e7b0000 - 0x00007fff1e7c5000 	C:\Program Files\Java\jdk-17\bin\nio.dll
0x00007fff48c80000 - 0x00007fff48c8c000 	C:\Program Files\Java\jdk-17\bin\dt_socket.dll
0x00007fff61e70000 - 0x00007fff61e9d000 	C:\WINDOWS\SYSTEM32\IPHLPAPI.DLL
0x000002bd3ba00000 - 0x000002bd3ba03000 	C:\Users\user\.openjfx\cache\19.0.2.1+1\amd64\api-ms-win-core-console-l1-1-0.dll
0x000002bd3d8f0000 - 0x000002bd3d8f3000 	C:\Users\user\.openjfx\cache\19.0.2.1+1\amd64\api-ms-win-core-console-l1-2-0.dll
0x000002bd3d900000 - 0x000002bd3d903000 	C:\Users\user\.openjfx\cache\19.0.2.1+1\amd64\api-ms-win-core-datetime-l1-1-0.dll
0x000002bd3d910000 - 0x000002bd3d913000 	C:\Users\user\.openjfx\cache\19.0.2.1+1\amd64\api-ms-win-core-debug-l1-1-0.dll
0x000002bd3d920000 - 0x000002bd3d923000 	C:\Users\user\.openjfx\cache\19.0.2.1+1\amd64\api-ms-win-core-errorhandling-l1-1-0.dll
0x000002bd3d930000 - 0x000002bd3d934000 	C:\Users\user\.openjfx\cache\19.0.2.1+1\amd64\api-ms-win-core-file-l1-1-0.dll
0x000002bd3d940000 - 0x000002bd3d943000 	C:\Users\user\.openjfx\cache\19.0.2.1+1\amd64\api-ms-win-core-file-l1-2-0.dll
0x000002bd3d950000 - 0x000002bd3d953000 	C:\Users\user\.openjfx\cache\19.0.2.1+1\amd64\api-ms-win-core-file-l2-1-0.dll
0x000002bd3d960000 - 0x000002bd3d963000 	C:\Users\user\.openjfx\cache\19.0.2.1+1\amd64\api-ms-win-core-handle-l1-1-0.dll
0x000002bd3d970000 - 0x000002bd3d973000 	C:\Users\user\.openjfx\cache\19.0.2.1+1\amd64\api-ms-win-core-heap-l1-1-0.dll
0x000002bd3d980000 - 0x000002bd3d983000 	C:\Users\user\.openjfx\cache\19.0.2.1+1\amd64\api-ms-win-core-interlocked-l1-1-0.dll
0x000002bd3d990000 - 0x000002bd3d993000 	C:\Users\user\.openjfx\cache\19.0.2.1+1\amd64\api-ms-win-core-libraryloader-l1-1-0.dll
0x000002bd3d9a0000 - 0x000002bd3d9a3000 	C:\Users\user\.openjfx\cache\19.0.2.1+1\amd64\api-ms-win-core-localization-l1-2-0.dll
0x000002bd3d9b0000 - 0x000002bd3d9b3000 	C:\Users\user\.openjfx\cache\19.0.2.1+1\amd64\api-ms-win-core-memory-l1-1-0.dll
0x000002bd606c0000 - 0x000002bd606c3000 	C:\Users\user\.openjfx\cache\19.0.2.1+1\amd64\api-ms-win-core-namedpipe-l1-1-0.dll
0x000002bd606d0000 - 0x000002bd606d3000 	C:\Users\user\.openjfx\cache\19.0.2.1+1\amd64\api-ms-win-core-processenvironment-l1-1-0.dll
0x000002bd606e0000 - 0x000002bd606e3000 	C:\Users\user\.openjfx\cache\19.0.2.1+1\amd64\api-ms-win-core-processthreads-l1-1-0.dll
0x000002bd606f0000 - 0x000002bd606f3000 	C:\Users\user\.openjfx\cache\19.0.2.1+1\amd64\api-ms-win-core-processthreads-l1-1-1.dll
0x000002bd60700000 - 0x000002bd60703000 	C:\Users\user\.openjfx\cache\19.0.2.1+1\amd64\api-ms-win-core-profile-l1-1-0.dll
0x000002bd60710000 - 0x000002bd60713000 	C:\Users\user\.openjfx\cache\19.0.2.1+1\amd64\api-ms-win-core-rtlsupport-l1-1-0.dll
0x000002bd60720000 - 0x000002bd60723000 	C:\Users\user\.openjfx\cache\19.0.2.1+1\amd64\api-ms-win-core-string-l1-1-0.dll
0x000002bd60730000 - 0x000002bd60733000 	C:\Users\user\.openjfx\cache\19.0.2.1+1\amd64\api-ms-win-core-synch-l1-1-0.dll
0x000002bd60740000 - 0x000002bd60743000 	C:\Users\user\.openjfx\cache\19.0.2.1+1\amd64\api-ms-win-core-synch-l1-2-0.dll
0x000002bd60750000 - 0x000002bd60753000 	C:\Users\user\.openjfx\cache\19.0.2.1+1\amd64\api-ms-win-core-sysinfo-l1-1-0.dll
0x000002bd60760000 - 0x000002bd60763000 	C:\Users\user\.openjfx\cache\19.0.2.1+1\amd64\api-ms-win-core-timezone-l1-1-0.dll
0x000002bd60770000 - 0x000002bd60773000 	C:\Users\user\.openjfx\cache\19.0.2.1+1\amd64\api-ms-win-core-util-l1-1-0.dll
0x000002bd60780000 - 0x000002bd60783000 	C:\Users\user\.openjfx\cache\19.0.2.1+1\amd64\api-ms-win-crt-conio-l1-1-0.dll
0x000002bd60790000 - 0x000002bd60794000 	C:\Users\user\.openjfx\cache\19.0.2.1+1\amd64\api-ms-win-crt-convert-l1-1-0.dll
0x000002bd607a0000 - 0x000002bd607a3000 	C:\Users\user\.openjfx\cache\19.0.2.1+1\amd64\api-ms-win-crt-environment-l1-1-0.dll
0x000002bd607b0000 - 0x000002bd607b3000 	C:\Users\user\.openjfx\cache\19.0.2.1+1\amd64\api-ms-win-crt-filesystem-l1-1-0.dll
0x000002bd607c0000 - 0x000002bd607c3000 	C:\Users\user\.openjfx\cache\19.0.2.1+1\amd64\api-ms-win-crt-heap-l1-1-0.dll
0x000002bd607d0000 - 0x000002bd607d3000 	C:\Users\user\.openjfx\cache\19.0.2.1+1\amd64\api-ms-win-crt-locale-l1-1-0.dll
0x000002bd607e0000 - 0x000002bd607e5000 	C:\Users\user\.openjfx\cache\19.0.2.1+1\amd64\api-ms-win-crt-math-l1-1-0.dll
0x000002bd607f0000 - 0x000002bd607f5000 	C:\Users\user\.openjfx\cache\19.0.2.1+1\amd64\api-ms-win-crt-multibyte-l1-1-0.dll
0x000002bd62bd0000 - 0x000002bd62be0000 	C:\Users\user\.openjfx\cache\19.0.2.1+1\amd64\api-ms-win-crt-private-l1-1-0.dll
0x000002bd62be0000 - 0x000002bd62be3000 	C:\Users\user\.openjfx\cache\19.0.2.1+1\amd64\api-ms-win-crt-process-l1-1-0.dll
0x000002bd62bf0000 - 0x000002bd62bf4000 	C:\Users\user\.openjfx\cache\19.0.2.1+1\amd64\api-ms-win-crt-runtime-l1-1-0.dll
0x000002bd62c00000 - 0x000002bd62c04000 	C:\Users\user\.openjfx\cache\19.0.2.1+1\amd64\api-ms-win-crt-stdio-l1-1-0.dll
0x000002bd62c10000 - 0x000002bd62c14000 	C:\Users\user\.openjfx\cache\19.0.2.1+1\amd64\api-ms-win-crt-string-l1-1-0.dll
0x000002bd62c20000 - 0x000002bd62c23000 	C:\Users\user\.openjfx\cache\19.0.2.1+1\amd64\api-ms-win-crt-time-l1-1-0.dll
0x000002bd62c30000 - 0x000002bd62c33000 	C:\Users\user\.openjfx\cache\19.0.2.1+1\amd64\api-ms-win-crt-utility-l1-1-0.dll
0x00007ffeed410000 - 0x00007ffeed50c000 	C:\Users\user\.openjfx\cache\19.0.2.1+1\amd64\ucrtbase.dll
0x00007fff48790000 - 0x00007fff487ab000 	C:\Users\user\.openjfx\cache\19.0.2.1+1\amd64\vcruntime140.dll
0x00007fff48c60000 - 0x00007fff48c6c000 	C:\Users\user\.openjfx\cache\19.0.2.1+1\amd64\vcruntime140_1.dll
0x00007fff1ea90000 - 0x00007fff1eb1e000 	C:\Users\user\.openjfx\cache\19.0.2.1+1\amd64\msvcp140.dll
0x00007fff48780000 - 0x00007fff48789000 	C:\Users\user\.openjfx\cache\19.0.2.1+1\amd64\msvcp140_1.dll
0x00007fff48600000 - 0x00007fff48630000 	C:\Users\user\.openjfx\cache\19.0.2.1+1\amd64\msvcp140_2.dll
0x00007fff46c60000 - 0x00007fff46c8c000 	C:\Users\user\.openjfx\cache\19.0.2.1+1\amd64\prism_d3d.dll
0x00007ffeedce0000 - 0x00007ffeede89000 	C:\WINDOWS\system32\d3d9.dll
0x00007fff60590000 - 0x00007fff605bb000 	C:\WINDOWS\SYSTEM32\dwmapi.dll
0x00007fff60440000 - 0x00007fff60476000 	C:\WINDOWS\SYSTEM32\dxcore.dll
0x00007fff60310000 - 0x00007fff603bb000 	C:\WINDOWS\system32\uxtheme.dll
0x00007ffee7000000 - 0x00007ffee7238000 	C:\WINDOWS\System32\DriverStore\FileRepository\iigd_dch.inf_amd64_0fdf6ce291234272\igdumdim64.dll
0x00007fff65eb0000 - 0x00007fff66050000 	C:\WINDOWS\System32\ole32.dll
0x00007ffed1480000 - 0x00007ffed27f0000 	C:\WINDOWS\System32\DriverStore\FileRepository\iigd_dch.inf_amd64_0fdf6ce291234272\igd9dxva64.dll
0x00007fff659a0000 - 0x00007fff65e14000 	C:\WINDOWS\System32\SETUPAPI.dll
0x00007fff63000000 - 0x00007fff6304e000 	C:\WINDOWS\SYSTEM32\cfgmgr32.dll
0x00007fff00430000 - 0x00007fff02151000 	C:\WINDOWS\System32\DriverStore\FileRepository\iigd_dch.inf_amd64_0fdf6ce291234272\media_bin_64.dll
0x00007fff54320000 - 0x00007fff54758000 	C:\WINDOWS\System32\DriverStore\FileRepository\iigd_dch.inf_amd64_0fdf6ce291234272\igdgmm64.dll
0x00007fff59a90000 - 0x00007fff59ada000 	C:\WINDOWS\SYSTEM32\directxdatabasehelper.dll
0x00007fff45990000 - 0x00007fff459d2000 	C:\Users\user\.openjfx\cache\19.0.2.1+1\amd64\glass.dll
0x00007fff65600000 - 0x00007fff656f9000 	C:\WINDOWS\System32\COMDLG32.dll
0x00007fff64f80000 - 0x00007fff650cf000 	C:\WINDOWS\System32\MSCTF.dll
0x00007fff26100000 - 0x00007fff26127000 	C:\WINDOWS\System32\DriverStore\FileRepository\iigd_dch.inf_amd64_0fdf6ce291234272\igdinfo64.dll
0x00007fff4c510000 - 0x00007fff503bd000 	C:\WINDOWS\System32\DriverStore\FileRepository\iigd_dch.inf_amd64_0fdf6ce291234272\igc64.dll
0x00007fff47010000 - 0x00007fff47024000 	C:\Users\user\.openjfx\cache\19.0.2.1+1\amd64\javafx_font.dll
0x00007fff45ba0000 - 0x00007fff45bd4000 	C:\Users\user\AppData\Local\Temp\jSerialComm\2.9.3\jSerialComm.dll
0x00007fff62fb0000 - 0x00007fff62fdc000 	C:\WINDOWS\SYSTEM32\DEVOBJ.dll
0x00007fff63ab0000 - 0x00007fff63b1c000 	C:\WINDOWS\System32\WINTRUST.dll
0x00007fff63c40000 - 0x00007fff63da6000 	C:\WINDOWS\System32\CRYPT32.dll
0x00007fff62fe0000 - 0x00007fff62ff2000 	C:\WINDOWS\SYSTEM32\MSASN1.dll
0x00007fff5c370000 - 0x00007fff5c5e3000 	C:\WINDOWS\SYSTEM32\dwrite.dll
0x00007fff657e0000 - 0x00007fff65890000 	C:\WINDOWS\System32\clbcatq.dll
0x00007fff5c5f0000 - 0x00007fff5c7a0000 	C:\WINDOWS\SYSTEM32\WindowsCodecs.dll
0x00007fff3fc90000 - 0x00007fff3fcee000 	C:\WINDOWS\system32\dataexchange.dll
0x00007fff57830000 - 0x00007fff57ab5000 	C:\WINDOWS\system32\twinapi.appcore.dll
0x00007fff3f030000 - 0x00007fff3f062000 	C:\Program Files\Common Files\Microsoft Shared\Ink\rtscom.dll

dbghelp: loaded successfully - version: 4.0.5 - missing functions: none
symbol engine: initialized successfully - sym options: 0x614 - pdb path: .;C:\Program Files\Java\jdk-17\bin;C:\WINDOWS\SYSTEM32;C:\Program Files\Avast Software\Avast;C:\WINDOWS\WinSxS\amd64_microsoft.windows.common-controls_6595b64144ccf1df_6.0.22621.2506_none_270c5ae97388e100;C:\Program Files\Java\jdk-17\bin\server;C:\Users\user\.openjfx\cache\19.0.2.1+1\amd64;C:\WINDOWS\System32\DriverStore\FileRepository\iigd_dch.inf_amd64_0fdf6ce291234272;C:\Users\user\AppData\Local\Temp\jSerialComm\2.9.3;C:\Program Files\Common Files\Microsoft Shared\Ink

VM Arguments:
jvm_args: -agentlib:jdwp=transport=dt_socket,address=127.0.0.1:61174,suspend=y,server=n -javaagent:C:\Users\user\AppData\Local\JetBrains\Toolbox\apps\IDEA-C\ch-0\223.8617.56\plugins\java\lib\rt\debugger-agent.jar -Dfile.encoding=UTF-8 --module-path=C:\Users\user\.m2\repository\org\openjfx\javafx-base\19.0.2.1\javafx-base-19.0.2.1-win.jar;C:\Users\user\.m2\repository\org\openjfx\javafx-fxml\19.0.2.1\javafx-fxml-19.0.2.1-win.jar;D:\Unik\OKC\lab04\lab_4\target\classes;C:\Users\user\.m2\repository\org\openjfx\javafx-controls\19.0.2.1\javafx-controls-19.0.2.1-win.jar;C:\Users\user\.m2\repository\org\openjfx\javafx-graphics\19.0.2.1\javafx-graphics-19.0.2.1-win.jar;C:\Users\user\.m2\repository\com\fazecast\jSerialComm\2.9.3\jSerialComm-2.9.3.jar -Djdk.module.main=app.lab01 
java_command: app.lab01/app.lab01.Main
java_class_path (initial): C:\Users\user\.m2\repository\org\openjfx\javafx-controls\19.0.2.1\javafx-controls-19.0.2.1.jar;C:\Users\user\.m2\repository\org\openjfx\javafx-graphics\19.0.2.1\javafx-graphics-19.0.2.1.jar;C:\Users\user\.m2\repository\org\openjfx\javafx-base\19.0.2.1\javafx-base-19.0.2.1.jar;C:\Users\user\.m2\repository\org\openjfx\javafx-fxml\19.0.2.1\javafx-fxml-19.0.2.1.jar;C:\Users\user\AppData\Local\JetBrains\Toolbox\apps\IDEA-C\ch-0\223.8617.56\lib\idea_rt.jar
Launcher Type: SUN_STANDARD

[Global flags]
     intx CICompilerCount                          = 4                                         {product} {ergonomic}
     uint ConcGCThreads                            = 2                                         {product} {ergonomic}
     uint G1ConcRefinementThreads                  = 8                                         {product} {ergonomic}
   size_t G1HeapRegionSize                         = 2097152                                   {product} {ergonomic}
    uintx GCDrainStackTargetSize                   = 64                                        {product} {ergonomic}
   size_t InitialHeapSize                          = 266338304                                 {product} {ergonomic}
   size_t MarkStackSize                            = 4194304                                   {product} {ergonomic}
   size_t MaxHeapSize                              = 4234149888                                {product} {ergonomic}
   size_t MaxNewSize                               = 2539651072                                {product} {ergonomic}
   size_t MinHeapDeltaBytes                        = 2097152                                   {product} {ergonomic}
   size_t MinHeapSize                              = 8388608                                   {product} {ergonomic}
    uintx NonNMethodCodeHeapSize                   = 5839372                                {pd product} {ergonomic}
    uintx NonProfiledCodeHeapSize                  = 122909434                              {pd product} {ergonomic}
    uintx ProfiledCodeHeapSize                     = 122909434                              {pd product} {ergonomic}
    uintx ReservedCodeCacheSize                    = 251658240                              {pd product} {ergonomic}
     bool SegmentedCodeCache                       = true                                      {product} {ergonomic}
   size_t SoftMaxHeapSize                          = 4234149888                             {manageable} {ergonomic}
     bool UseCompressedClassPointers               = true                           {product lp64_product} {ergonomic}
     bool UseCompressedOops                        = true                           {product lp64_product} {ergonomic}
     bool UseG1GC                                  = true                                      {product} {ergonomic}
     bool UseLargePagesIndividualAllocation        = false                                  {pd product} {ergonomic}

Logging:
Log output configuration:
 #0: stdout all=warning uptime,level,tags
 #1: stderr all=off uptime,level,tags

Environment Variables:
JAVA_HOME=C:\Program Files\Java\jdk-17
PATH=C:\Program Files\Common Files\Oracle\Java\javapath;C:\Program Files (x86)\Common Files\Oracle\Java\javapath;C:\WINDOWS\system32;C:\WINDOWS;C:\WINDOWS\System32\Wbem;C:\WINDOWS\System32\WindowsPowerShell\v1.0\;C:\WINDOWS\System32\OpenSSH\;C:\Program Files\Microsoft SQL Server\110\Tools\Binn\;C:\Program Files\Microsoft SQL Server\120\Tools\Binn\;C:\Program Files\dotnet\;D:\Program Files\Git\cmd;C:\Program Files\Java\jdk-17\bin;C:\Program Files\apache-maven-3.9.0\bin;;C:\WINDOWS\system32;C:\WINDOWS;C:\WINDOWS\System32\Wbem;C:\WINDOWS\System32\WindowsPowerShell\v1.0\;C:\WINDOWS\System32\OpenSSH\;d:\games\quartus\bin;C:\Program Files\MySQL\MySQL Shell 8.0\bin\;C:\Users\user\AppData\Local\Microsoft\WindowsApps;D:\\Microsoft VS Code\bin;C:\Users\user\.dotnet\tools;C:\Users\user\AppData\Local\JetBrains\Toolbox\scripts;C:\Users\user\.dotnet\tools;C:\Users\user\AppData\Local\GitHubDesktop\bin;C:\Users\user\AppData\Local\Microsoft\WindowsApps;;C:\Users\user\AppData\Local\Coursier\data\bin
USERNAME=user
OS=Windows_NT
PROCESSOR_IDENTIFIER=Intel64 Family 6 Model 140 Stepping 1, GenuineIntel



---------------  S Y S T E M  ---------------

OS:
 Windows 10 , 64 bit Build 22621 (10.0.22621.2506)
OS uptime: 12 days 6:34 hours

CPU: total 8 (initial active 8) (4 cores per cpu, 2 threads per core) family 6 model 140 stepping 1 microcode 0xac, cx8, cmov, fxsr, ht, mmx, 3dnowpref, sse, sse2, sse3, ssse3, sse4.1, sse4.2, popcnt, lzcnt, tsc, tscinvbit, avx, avx2, aes, erms, clmul, bmi1, bmi2, adx, avx512f, avx512dq, avx512cd, avx512bw, avx512vl, sha, fma, vzeroupper, avx512_vpopcntdq, avx512_vpclmulqdq, avx512_vaes, avx512_vnni, clflush, clflushopt, clwb, avx512_vbmi2, avx512_vbmi

Memory: 4k page, system-wide physical 16149M (4313M free)
TotalPageFile size 18453M (AvailPageFile size 2937M)
current process WorkingSet (physical memory assigned to process): 167M, peak: 203M
current process commit charge ("private bytes"): 424M, peak: 460M

vm_info: Java HotSpot(TM) 64-Bit Server VM (17+35-LTS-2724) for windows-amd64 JRE (17+35-LTS-2724), built on Aug  5 2021 23:28:28 by "mach5one" with MS VC++ 16.8 (VS2019)

END.
